[7/9/2026, 3:31:35 PM] [renderDocx] Validation failed: Raw placeholder text "Total Amount" remains in the generated document. Context:
l="000000"/></w:rPr><w:t>The Company’s total liability under this Agreement shall be limited to the total amount paid by the Brand Partner to the Company in the preceding 1 month.</w:t></w:r></w:p><w:p w14:paraId
[7/9/2026, 3:31:35 PM] [API/generate/brand] Generation failed: Validation failed: Raw placeholder text "Total Amount" remains in the generated document. Context:
l="000000"/></w:rPr><w:t>The Company’s total liability under this Agreement shall be limited to the total amount paid by the Brand Partner to the Company in the preceding 1 month.</w:t></w:r></w:p><w:p w14:paraId
[7/9/2026, 3:31:41 PM] [renderDocx] Validation failed: Raw placeholder text "Total Amount" remains in the generated document. Context:
l="000000"/></w:rPr><w:t>The Company’s total liability under this Agreement shall be limited to the total amount paid by the Brand Partner to the Company in the preceding 1 month.</w:t></w:r></w:p><w:p w14:paraId
[7/9/2026, 3:31:41 PM] [API/generate/brand] Generation failed: Validation failed: Raw placeholder text "Total Amount" remains in the generated document. Context:
l="000000"/></w:rPr><w:t>The Company’s total liability under this Agreement shall be limited to the total amount paid by the Brand Partner to the Company in the preceding 1 month.</w:t></w:r></w:p><w:p w14:paraId
[7/9/2026, 3:32:09 PM] [renderDocx] Validation failed: Raw placeholder text "Total Amount" remains in the generated document. Context:
l="000000"/></w:rPr><w:t>The Company’s total liability under this Agreement shall be limited to the total amount paid by the Brand Partner to the Company in the preceding 1 month.</w:t></w:r></w:p><w:p w14:paraId
[7/9/2026, 3:32:09 PM] [API/generate/brand] Generation failed: Validation failed: Raw placeholder text "Total Amount" remains in the generated document. Context:
l="000000"/></w:rPr><w:t>The Company’s total liability under this Agreement shall be limited to the total amount paid by the Brand Partner to the Company in the preceding 1 month.</w:t></w:r></w:p><w:p w14:paraId
[7/9/2026, 3:32:11 PM] [renderDocx] Validation failed: Raw placeholder text "Total Amount" remains in the generated document. Context:
l="000000"/></w:rPr><w:t>The Company’s total liability under this Agreement shall be limited to the total amount paid by the Brand Partner to the Company in the preceding 1 month.</w:t></w:r></w:p><w:p w14:paraId
[7/9/2026, 3:32:11 PM] [API/generate/brand] Generation failed: Validation failed: Raw placeholder text "Total Amount" remains in the generated document. Context:
l="000000"/></w:rPr><w:t>The Company’s total liability under this Agreement shall be limited to the total amount paid by the Brand Partner to the Company in the preceding 1 month.</w:t></w:r></w:p><w:p w14:paraId
[7/9/2026, 3:32:55 PM] [renderDocx] Validation failed: Raw placeholder text "DESIGNATION" remains in the generated document. Context:
________________</w:t></w:r><w:r><w:br/><w:t>Name: ____________________</w:t></w:r><w:r><w:br/><w:t>Designation: ____________________</w:t></w:r><w:r><w:br/></w:r><w:r><w:br/><w:t>Employee</w:t></w:r><w:r><w:br/
[7/9/2026, 3:32:55 PM] [API/generate/employee] Generation failed: Validation failed: Raw placeholder text "DESIGNATION" remains in the generated document. Context:
________________</w:t></w:r><w:r><w:br/><w:t>Name: ____________________</w:t></w:r><w:r><w:br/><w:t>Designation: ____________________</w:t></w:r><w:r><w:br/></w:r><w:r><w:br/><w:t>Employee</w:t></w:r><w:r><w:br/
[7/9/2026, 3:38:25 PM] [renderDocx] Validation failed: Raw placeholder text "DESIGNATION" remains in the generated document. Context:
________________</w:t></w:r><w:r><w:br/><w:t>Name: ____________________</w:t></w:r><w:r><w:br/><w:t>Designation: ____________________</w:t></w:r><w:r><w:br/></w:r><w:r><w:br/><w:t>Employee</w:t></w:r><w:r><w:br/
[7/9/2026, 3:38:25 PM] [API/generate/employee] Generation failed: Validation failed: Raw placeholder text "DESIGNATION" remains in the generated document. Context:
________________</w:t></w:r><w:r><w:br/><w:t>Name: ____________________</w:t></w:r><w:r><w:br/><w:t>Designation: ____________________</w:t></w:r><w:r><w:br/></w:r><w:r><w:br/><w:t>Employee</w:t></w:r><w:r><w:br/
[7/9/2026, 3:38:52 PM] [renderDocx] Validation failed: Raw placeholder text "Total Amount" remains in the generated document. Context:
l="000000"/></w:rPr><w:t>The Company’s total liability under this Agreement shall be limited to the total amount paid by the Brand Partner to the Company in the preceding 1 month.</w:t></w:r></w:p><w:p w14:paraId
[7/9/2026, 3:38:52 PM] [API/generate/brand] Generation failed: Validation failed: Raw placeholder text "Total Amount" remains in the generated document. Context:
l="000000"/></w:rPr><w:t>The Company’s total liability under this Agreement shall be limited to the total amount paid by the Brand Partner to the Company in the preceding 1 month.</w:t></w:r></w:p><w:p w14:paraId
[7/9/2026, 3:55:39 PM] [API/generate/employee] PDF conversion failed (skipped): PDF conversion failed: Error: spawnSync soffice ENOENT
[7/9/2026, 3:56:52 PM] [API/generate/brand] PDF conversion failed (skipped): PDF conversion failed: Error: spawnSync soffice ENOENT
[7/9/2026, 3:57:08 PM] [API/generate/brand] PDF conversion failed (skipped): PDF conversion failed: Error: spawnSync soffice ENOENT
[7/9/2026, 3:59:38 PM] [API/generate/brand] PDF conversion failed (skipped): PDF conversion failed: Error: spawnSync soffice ENOENT
[7/9/2026, 4:11:13 PM] [API/generate/employee] PDF conversion failed (skipped): PDF conversion failed: Error: spawnSync soffice ENOENT
[7/9/2026, 5:45:03 PM] [API/generate/brand] PDF conversion failed (skipped): PDF conversion failed: Error: spawnSync soffice ENOENT
[7/9/2026, 5:45:56 PM] [API/generate/brand] PDF conversion failed (skipped): PDF conversion failed: Error: spawnSync soffice ENOENT
[7/9/2026, 5:46:43 PM] [API/generate/employee] PDF conversion failed (skipped): PDF conversion failed: Error: spawnSync soffice ENOENT
[7/9/2026, 5:51:55 PM] [API/generate/brand] PDF conversion failed (skipped): PDF conversion failed: Error: spawnSync soffice ENOENT
[7/9/2026, 5:53:31 PM] [API/generate/brand] PDF conversion failed (skipped): PDF conversion failed: Error: spawnSync soffice ENOENT
[7/9/2026, 5:57:15 PM] [API/generate/employee] PDF conversion failed (skipped): PDF conversion failed: Error: spawnSync soffice ENOENT
[7/9/2026, 5:59:42 PM] [API/generate/employee] PDF conversion failed (skipped): PDF conversion failed: Error: spawnSync soffice ENOENT
[7/9/2026, 6:00:49 PM] [renderDocx] Validation failed: Invalid DOCX XML generated. Syntax error: errorHandler object is no longer supported, switch to onError!
[7/9/2026, 6:00:49 PM] [API/generate/brand] Generation failed: Validation failed: Invalid DOCX XML generated. Syntax error: errorHandler object is no longer supported, switch to onError!
[7/9/2026, 6:01:18 PM] [renderDocx] Validation failed: Invalid DOCX XML generated. Syntax error: errorHandler object is no longer supported, switch to onError!
[7/9/2026, 6:01:18 PM] [API/generate/brand] Generation failed: Validation failed: Invalid DOCX XML generated. Syntax error: errorHandler object is no longer supported, switch to onError!
[7/9/2026, 6:01:21 PM] [renderDocx] Validation failed: Invalid DOCX XML generated. Syntax error: errorHandler object is no longer supported, switch to onError!
[7/9/2026, 6:01:21 PM] [API/generate/brand] Generation failed: Validation failed: Invalid DOCX XML generated. Syntax error: errorHandler object is no longer supported, switch to onError!
[7/9/2026, 6:01:23 PM] [renderDocx] Validation failed: Invalid DOCX XML generated. Syntax error: errorHandler object is no longer supported, switch to onError!
[7/9/2026, 6:01:23 PM] [API/generate/brand] Generation failed: Validation failed: Invalid DOCX XML generated. Syntax error: errorHandler object is no longer supported, switch to onError!
[7/9/2026, 6:02:14 PM] [API/generate/brand] PDF conversion failed (skipped): PDF conversion failed: Error: spawnSync soffice ENOENT
[7/9/2026, 6:20:11 PM] [API/generate/brand] PDF conversion failed (skipped): PDF conversion failed: Error: spawnSync soffice ENOENT
[7/9/2026, 6:58:19 PM] [API/generate/brand] PDF conversion failed (skipped): PDF conversion failed: Error: spawnSync soffice ENOENT
