[7/9/2026, 3:29:58 PM] [fetchRawRows] Requesting brand sheet. Input: "https://docs.google.com/spreadsheets/d/1Gxw2YSeTHNvOsAyYzK13Z_SeZbatlktNoXyzRjTF-yI/edit?gid=1282987724#gid=1282987724", Default env: ""
[7/9/2026, 3:29:58 PM] [fetchRawRows] Extracted sheet ID: "1Gxw2YSeTHNvOsAyYzK13Z_SeZbatlktNoXyzRjTF-yI"
[7/9/2026, 3:29:59 PM] [fetchRawRows] Successfully fetched 114 rows (including headers) for brand.
[7/9/2026, 3:29:59 PM] [API/brand] Returning 20 headers and 113 rows
[7/9/2026, 3:32:25 PM] [fetchRawRows] Requesting employee sheet. Input: "https://docs.google.com/spreadsheets/d/1wyfsP44k3hM3PWMqxeKsaTt7TwuwM4VkPuuauTI9gto/edit?gid=1508099045#gid=1508099045", Default env: ""
[7/9/2026, 3:32:25 PM] [fetchRawRows] Extracted sheet ID: "1wyfsP44k3hM3PWMqxeKsaTt7TwuwM4VkPuuauTI9gto"
[7/9/2026, 3:32:26 PM] [fetchRawRows] Successfully fetched 11 rows (including headers) for employee.
[7/9/2026, 3:32:26 PM] [API/employee] Returning 17 headers and 10 rows
[7/9/2026, 3:35:08 PM] [fetchRawRows] Requesting brand sheet. Input: "https://docs.google.com/spreadsheets/d/1Gxw2YSeTHNvOsAyYzK13Z_SeZbatlktNoXyzRjTF-yI/edit?gid=1282987724#gid=1282987724", Default env: ""
[7/9/2026, 3:35:08 PM] [fetchRawRows] Extracted sheet ID: "1Gxw2YSeTHNvOsAyYzK13Z_SeZbatlktNoXyzRjTF-yI"
[7/9/2026, 3:35:09 PM] [fetchRawRows] Successfully fetched 114 rows (including headers) for brand.
[7/9/2026, 3:35:09 PM] [API/brand] Returning 20 headers and 113 rows
[7/9/2026, 3:35:10 PM] [fetchRawRows] Requesting brand sheet. Input: "https://docs.google.com/spreadsheets/d/1Gxw2YSeTHNvOsAyYzK13Z_SeZbatlktNoXyzRjTF-yI/edit?gid=1282987724#gid=1282987724", Default env: ""
[7/9/2026, 3:35:10 PM] [fetchRawRows] Extracted sheet ID: "1Gxw2YSeTHNvOsAyYzK13Z_SeZbatlktNoXyzRjTF-yI"
[7/9/2026, 3:35:10 PM] [fetchRawRows] Successfully fetched 114 rows (including headers) for brand.
[7/9/2026, 3:35:10 PM] [API/brand] Returning 20 headers and 113 rows
[7/9/2026, 3:37:52 PM] [fetchRawRows] Requesting employee sheet. Input: "https://docs.google.com/spreadsheets/d/1wyfsP44k3hM3PWMqxeKsaTt7TwuwM4VkPuuauTI9gto/edit?gid=1508099045#gid=1508099045", Default env: ""
[7/9/2026, 3:37:52 PM] [fetchRawRows] Extracted sheet ID: "1wyfsP44k3hM3PWMqxeKsaTt7TwuwM4VkPuuauTI9gto"
[7/9/2026, 3:37:53 PM] [fetchRawRows] Successfully fetched 11 rows (including headers) for employee.
[7/9/2026, 3:37:53 PM] [API/employee] Returning 17 headers and 10 rows
[7/9/2026, 3:37:53 PM] [fetchRawRows] Requesting employee sheet. Input: "https://docs.google.com/spreadsheets/d/1wyfsP44k3hM3PWMqxeKsaTt7TwuwM4VkPuuauTI9gto/edit?gid=1508099045#gid=1508099045", Default env: ""
[7/9/2026, 3:37:53 PM] [fetchRawRows] Extracted sheet ID: "1wyfsP44k3hM3PWMqxeKsaTt7TwuwM4VkPuuauTI9gto"
[7/9/2026, 3:37:54 PM] [fetchRawRows] Successfully fetched 11 rows (including headers) for employee.
[7/9/2026, 3:37:54 PM] [API/employee] Returning 17 headers and 10 rows
[7/9/2026, 3:38:30 PM] [fetchRawRows] Requesting brand sheet. Input: "https://docs.google.com/spreadsheets/d/1Gxw2YSeTHNvOsAyYzK13Z_SeZbatlktNoXyzRjTF-yI/edit?gid=1282987724#gid=1282987724", Default env: ""
[7/9/2026, 3:38:30 PM] [fetchRawRows] Extracted sheet ID: "1Gxw2YSeTHNvOsAyYzK13Z_SeZbatlktNoXyzRjTF-yI"
[7/9/2026, 3:38:31 PM] [fetchRawRows] Successfully fetched 114 rows (including headers) for brand.
[7/9/2026, 3:38:31 PM] [API/brand] Returning 20 headers and 113 rows
[7/9/2026, 3:38:31 PM] [fetchRawRows] Requesting brand sheet. Input: "https://docs.google.com/spreadsheets/d/1Gxw2YSeTHNvOsAyYzK13Z_SeZbatlktNoXyzRjTF-yI/edit?gid=1282987724#gid=1282987724", Default env: ""
[7/9/2026, 3:38:31 PM] [fetchRawRows] Extracted sheet ID: "1Gxw2YSeTHNvOsAyYzK13Z_SeZbatlktNoXyzRjTF-yI"
[7/9/2026, 3:38:32 PM] [fetchRawRows] Successfully fetched 114 rows (including headers) for brand.
[7/9/2026, 3:38:32 PM] [API/brand] Returning 20 headers and 113 rows
[7/9/2026, 3:39:38 PM] [fetchRawRows] Requesting employee sheet. Input: "https://docs.google.com/spreadsheets/d/1wyfsP44k3hM3PWMqxeKsaTt7TwuwM4VkPuuauTI9gto/edit?gid=1508099045#gid=1508099045", Default env: ""
[7/9/2026, 3:39:38 PM] [fetchRawRows] Extracted sheet ID: "1wyfsP44k3hM3PWMqxeKsaTt7TwuwM4VkPuuauTI9gto"
[7/9/2026, 3:39:39 PM] [fetchRawRows] Successfully fetched 11 rows (including headers) for employee.
[7/9/2026, 3:39:39 PM] [API/employee] Returning 17 headers and 10 rows
[7/9/2026, 3:39:39 PM] [fetchRawRows] Requesting employee sheet. Input: "https://docs.google.com/spreadsheets/d/1wyfsP44k3hM3PWMqxeKsaTt7TwuwM4VkPuuauTI9gto/edit?gid=1508099045#gid=1508099045", Default env: ""
[7/9/2026, 3:39:39 PM] [fetchRawRows] Extracted sheet ID: "1wyfsP44k3hM3PWMqxeKsaTt7TwuwM4VkPuuauTI9gto"
[7/9/2026, 3:39:39 PM] [fetchRawRows] Successfully fetched 11 rows (including headers) for employee.
[7/9/2026, 3:39:39 PM] [API/employee] Returning 17 headers and 10 rows
[7/9/2026, 3:39:50 PM] [fetchRawRows] Requesting brand sheet. Input: "https://docs.google.com/spreadsheets/d/1Gxw2YSeTHNvOsAyYzK13Z_SeZbatlktNoXyzRjTF-yI/edit?gid=1282987724#gid=1282987724", Default env: ""
[7/9/2026, 3:39:50 PM] [fetchRawRows] Extracted sheet ID: "1Gxw2YSeTHNvOsAyYzK13Z_SeZbatlktNoXyzRjTF-yI"
[7/9/2026, 3:39:51 PM] [fetchRawRows] Successfully fetched 114 rows (including headers) for brand.
[7/9/2026, 3:39:51 PM] [API/brand] Returning 20 headers and 113 rows
[7/9/2026, 3:39:52 PM] [fetchRawRows] Requesting brand sheet. Input: "https://docs.google.com/spreadsheets/d/1Gxw2YSeTHNvOsAyYzK13Z_SeZbatlktNoXyzRjTF-yI/edit?gid=1282987724#gid=1282987724", Default env: ""
[7/9/2026, 3:39:52 PM] [fetchRawRows] Extracted sheet ID: "1Gxw2YSeTHNvOsAyYzK13Z_SeZbatlktNoXyzRjTF-yI"
[7/9/2026, 3:39:52 PM] [fetchRawRows] Successfully fetched 114 rows (including headers) for brand.
[7/9/2026, 3:39:52 PM] [API/brand] Returning 20 headers and 113 rows
[7/9/2026, 3:53:15 PM] [fetchRawRows] Requesting brand sheet. Input: "https://docs.google.com/spreadsheets/d/1Gxw2YSeTHNvOsAyYzK13Z_SeZbatlktNoXyzRjTF-yI/edit?gid=1282987724#gid=1282987724", Default env: ""
[7/9/2026, 3:53:15 PM] [fetchRawRows] Extracted sheet ID: "1Gxw2YSeTHNvOsAyYzK13Z_SeZbatlktNoXyzRjTF-yI"
[7/9/2026, 3:53:19 PM] [fetchRawRows] Successfully fetched 114 rows (including headers) for brand.
[7/9/2026, 3:53:19 PM] [API/brand] Returning 20 headers and 113 rows
[7/9/2026, 3:54:00 PM] [fetchRawRows] Requesting brand sheet. Input: "https://docs.google.com/spreadsheets/d/1Gxw2YSeTHNvOsAyYzK13Z_SeZbatlktNoXyzRjTF-yI/edit?gid=1282987724#gid=1282987724", Default env: ""
[7/9/2026, 3:54:00 PM] [fetchRawRows] Extracted sheet ID: "1Gxw2YSeTHNvOsAyYzK13Z_SeZbatlktNoXyzRjTF-yI"
[7/9/2026, 3:54:01 PM] [fetchRawRows] Successfully fetched 114 rows (including headers) for brand.
[7/9/2026, 3:54:01 PM] [API/brand] Returning 20 headers and 113 rows
[7/9/2026, 3:54:22 PM] [fetchRawRows] Requesting employee sheet. Input: "https://docs.google.com/spreadsheets/d/1wyfsP44k3hM3PWMqxeKsaTt7TwuwM4VkPuuauTI9gto/edit?gid=1508099045#gid=1508099045", Default env: ""
[7/9/2026, 3:54:22 PM] [fetchRawRows] Extracted sheet ID: "1wyfsP44k3hM3PWMqxeKsaTt7TwuwM4VkPuuauTI9gto"
[7/9/2026, 3:54:23 PM] [fetchRawRows] Successfully fetched 11 rows (including headers) for employee.
[7/9/2026, 3:54:23 PM] [API/employee] Returning 17 headers and 10 rows
[7/9/2026, 3:54:24 PM] [fetchRawRows] Requesting employee sheet. Input: "https://docs.google.com/spreadsheets/d/1wyfsP44k3hM3PWMqxeKsaTt7TwuwM4VkPuuauTI9gto/edit?gid=1508099045#gid=1508099045", Default env: ""
[7/9/2026, 3:54:24 PM] [fetchRawRows] Extracted sheet ID: "1wyfsP44k3hM3PWMqxeKsaTt7TwuwM4VkPuuauTI9gto"
[7/9/2026, 3:54:24 PM] [fetchRawRows] Successfully fetched 11 rows (including headers) for employee.
[7/9/2026, 3:54:24 PM] [API/employee] Returning 17 headers and 10 rows
[7/9/2026, 3:56:10 PM] [fetchRawRows] Requesting brand sheet. Input: "https://docs.google.com/spreadsheets/d/1Gxw2YSeTHNvOsAyYzK13Z_SeZbatlktNoXyzRjTF-yI/edit?gid=1282987724#gid=1282987724", Default env: ""
[7/9/2026, 3:56:10 PM] [fetchRawRows] Extracted sheet ID: "1Gxw2YSeTHNvOsAyYzK13Z_SeZbatlktNoXyzRjTF-yI"
[7/9/2026, 3:56:11 PM] [fetchRawRows] Successfully fetched 114 rows (including headers) for brand.
[7/9/2026, 3:56:11 PM] [API/brand] Returning 20 headers and 113 rows
[7/9/2026, 3:56:11 PM] [fetchRawRows] Requesting brand sheet. Input: "https://docs.google.com/spreadsheets/d/1Gxw2YSeTHNvOsAyYzK13Z_SeZbatlktNoXyzRjTF-yI/edit?gid=1282987724#gid=1282987724", Default env: ""
[7/9/2026, 3:56:11 PM] [fetchRawRows] Extracted sheet ID: "1Gxw2YSeTHNvOsAyYzK13Z_SeZbatlktNoXyzRjTF-yI"
[7/9/2026, 3:56:12 PM] [fetchRawRows] Successfully fetched 114 rows (including headers) for brand.
[7/9/2026, 3:56:12 PM] [API/brand] Returning 20 headers and 113 rows
[7/9/2026, 4:09:56 PM] [fetchRawRows] Requesting employee sheet. Input: "https://docs.google.com/spreadsheets/d/1wyfsP44k3hM3PWMqxeKsaTt7TwuwM4VkPuuauTI9gto/edit?gid=1508099045#gid=1508099045", Default env: ""
[7/9/2026, 4:09:56 PM] [fetchRawRows] Extracted sheet ID: "1wyfsP44k3hM3PWMqxeKsaTt7TwuwM4VkPuuauTI9gto"
[7/9/2026, 4:09:58 PM] [fetchRawRows] Successfully fetched 11 rows (including headers) for employee.
[7/9/2026, 4:09:58 PM] [API/employee] Returning 17 headers and 10 rows
[7/9/2026, 4:09:58 PM] [fetchRawRows] Requesting employee sheet. Input: "https://docs.google.com/spreadsheets/d/1wyfsP44k3hM3PWMqxeKsaTt7TwuwM4VkPuuauTI9gto/edit?gid=1508099045#gid=1508099045", Default env: ""
[7/9/2026, 4:09:58 PM] [fetchRawRows] Extracted sheet ID: "1wyfsP44k3hM3PWMqxeKsaTt7TwuwM4VkPuuauTI9gto"
[7/9/2026, 4:09:59 PM] [fetchRawRows] Successfully fetched 11 rows (including headers) for employee.
[7/9/2026, 4:09:59 PM] [API/employee] Returning 17 headers and 10 rows
[7/9/2026, 4:13:45 PM] [fetchRawRows] Requesting brand sheet. Input: "https://docs.google.com/spreadsheets/d/1Gxw2YSeTHNvOsAyYzK13Z_SeZbatlktNoXyzRjTF-yI/edit?gid=1282987724#gid=1282987724", Default env: ""
[7/9/2026, 4:13:45 PM] [fetchRawRows] Extracted sheet ID: "1Gxw2YSeTHNvOsAyYzK13Z_SeZbatlktNoXyzRjTF-yI"
[7/9/2026, 4:13:46 PM] [fetchRawRows] Successfully fetched 114 rows (including headers) for brand.
[7/9/2026, 4:13:46 PM] [API/brand] Returning 20 headers and 113 rows
[7/9/2026, 4:13:47 PM] [fetchRawRows] Requesting brand sheet. Input: "https://docs.google.com/spreadsheets/d/1Gxw2YSeTHNvOsAyYzK13Z_SeZbatlktNoXyzRjTF-yI/edit?gid=1282987724#gid=1282987724", Default env: ""
[7/9/2026, 4:13:47 PM] [fetchRawRows] Extracted sheet ID: "1Gxw2YSeTHNvOsAyYzK13Z_SeZbatlktNoXyzRjTF-yI"
[7/9/2026, 4:13:48 PM] [fetchRawRows] Successfully fetched 114 rows (including headers) for brand.
[7/9/2026, 4:13:48 PM] [API/brand] Returning 20 headers and 113 rows
[7/9/2026, 4:14:01 PM] [fetchRawRows] Requesting brand sheet. Input: "https://docs.google.com/spreadsheets/d/1Gxw2YSeTHNvOsAyYzK13Z_SeZbatlktNoXyzRjTF-yI/edit?gid=1282987724#gid=1282987724", Default env: ""
[7/9/2026, 4:14:01 PM] [fetchRawRows] Extracted sheet ID: "1Gxw2YSeTHNvOsAyYzK13Z_SeZbatlktNoXyzRjTF-yI"
[7/9/2026, 4:14:02 PM] [fetchRawRows] Successfully fetched 114 rows (including headers) for brand.
[7/9/2026, 4:14:02 PM] [API/brand] Returning 20 headers and 113 rows
[7/9/2026, 4:14:06 PM] [fetchRawRows] Requesting brand sheet. Input: "https://docs.google.com/spreadsheets/d/1Gxw2YSeTHNvOsAyYzK13Z_SeZbatlktNoXyzRjTF-yI/edit?gid=1282987724#gid=1282987724", Default env: ""
[7/9/2026, 4:14:06 PM] [fetchRawRows] Extracted sheet ID: "1Gxw2YSeTHNvOsAyYzK13Z_SeZbatlktNoXyzRjTF-yI"
[7/9/2026, 4:14:07 PM] [fetchRawRows] Successfully fetched 114 rows (including headers) for brand.
[7/9/2026, 4:14:07 PM] [API/brand] Returning 20 headers and 113 rows
[7/9/2026, 4:19:14 PM] [fetchRawRows] Requesting brand sheet. Input: "https://docs.google.com/spreadsheets/d/1Gxw2YSeTHNvOsAyYzK13Z_SeZbatlktNoXyzRjTF-yI/edit?gid=1282987724#gid=1282987724", Default env: ""
[7/9/2026, 4:19:14 PM] [fetchRawRows] Extracted sheet ID: "1Gxw2YSeTHNvOsAyYzK13Z_SeZbatlktNoXyzRjTF-yI"
[7/9/2026, 4:19:15 PM] [fetchRawRows] Successfully fetched 114 rows (including headers) for brand.
[7/9/2026, 4:19:15 PM] [API/brand] Returning 20 headers and 113 rows
[7/9/2026, 4:21:31 PM] [fetchRawRows] Requesting employee sheet. Input: "https://docs.google.com/spreadsheets/d/1wyfsP44k3hM3PWMqxeKsaTt7TwuwM4VkPuuauTI9gto/edit?gid=1508099045#gid=1508099045", Default env: ""
[7/9/2026, 4:21:31 PM] [fetchRawRows] Extracted sheet ID: "1wyfsP44k3hM3PWMqxeKsaTt7TwuwM4VkPuuauTI9gto"
[7/9/2026, 4:21:32 PM] [fetchRawRows] Successfully fetched 11 rows (including headers) for employee.
[7/9/2026, 4:21:32 PM] [API/employee] Returning 17 headers and 10 rows
[7/9/2026, 4:21:32 PM] [fetchRawRows] Requesting employee sheet. Input: "https://docs.google.com/spreadsheets/d/1wyfsP44k3hM3PWMqxeKsaTt7TwuwM4VkPuuauTI9gto/edit?gid=1508099045#gid=1508099045", Default env: ""
[7/9/2026, 4:21:32 PM] [fetchRawRows] Extracted sheet ID: "1wyfsP44k3hM3PWMqxeKsaTt7TwuwM4VkPuuauTI9gto"
[7/9/2026, 4:21:33 PM] [fetchRawRows] Successfully fetched 11 rows (including headers) for employee.
[7/9/2026, 4:21:33 PM] [API/employee] Returning 17 headers and 10 rows
[7/9/2026, 4:21:36 PM] [fetchRawRows] Requesting brand sheet. Input: "https://docs.google.com/spreadsheets/d/1Gxw2YSeTHNvOsAyYzK13Z_SeZbatlktNoXyzRjTF-yI/edit?gid=1282987724#gid=1282987724", Default env: ""
[7/9/2026, 4:21:36 PM] [fetchRawRows] Extracted sheet ID: "1Gxw2YSeTHNvOsAyYzK13Z_SeZbatlktNoXyzRjTF-yI"
[7/9/2026, 4:21:37 PM] [fetchRawRows] Successfully fetched 114 rows (including headers) for brand.
[7/9/2026, 4:21:37 PM] [API/brand] Returning 20 headers and 113 rows
[7/9/2026, 4:21:37 PM] [fetchRawRows] Requesting brand sheet. Input: "https://docs.google.com/spreadsheets/d/1Gxw2YSeTHNvOsAyYzK13Z_SeZbatlktNoXyzRjTF-yI/edit?gid=1282987724#gid=1282987724", Default env: ""
[7/9/2026, 4:21:37 PM] [fetchRawRows] Extracted sheet ID: "1Gxw2YSeTHNvOsAyYzK13Z_SeZbatlktNoXyzRjTF-yI"
[7/9/2026, 4:21:38 PM] [fetchRawRows] Successfully fetched 114 rows (including headers) for brand.
[7/9/2026, 4:21:38 PM] [API/brand] Returning 20 headers and 113 rows
[7/9/2026, 4:30:00 PM] [fetchRawRows] Requesting brand sheet. Input: "https://docs.google.com/spreadsheets/d/1Gxw2YSeTHNvOsAyYzK13Z_SeZbatlktNoXyzRjTF-yI/edit?gid=1282987724#gid=1282987724", Default env: ""
[7/9/2026, 4:30:00 PM] [fetchRawRows] Extracted sheet ID: "1Gxw2YSeTHNvOsAyYzK13Z_SeZbatlktNoXyzRjTF-yI"
[7/9/2026, 4:30:02 PM] [fetchRawRows] Successfully fetched 114 rows (including headers) for brand.
[7/9/2026, 4:30:02 PM] [API/brand] Returning 20 headers and 113 rows
[7/9/2026, 4:31:02 PM] [fetchRawRows] Requesting brand sheet. Input: "https://docs.google.com/spreadsheets/d/1Gxw2YSeTHNvOsAyYzK13Z_SeZbatlktNoXyzRjTF-yI/edit?gid=1282987724#gid=1282987724", Default env: ""
[7/9/2026, 4:31:02 PM] [fetchRawRows] Extracted sheet ID: "1Gxw2YSeTHNvOsAyYzK13Z_SeZbatlktNoXyzRjTF-yI"
[7/9/2026, 4:31:03 PM] [fetchRawRows] Successfully fetched 114 rows (including headers) for brand.
[7/9/2026, 4:31:03 PM] [API/brand] Returning 20 headers and 113 rows
[7/9/2026, 4:33:09 PM] [fetchRawRows] Requesting employee sheet. Input: "https://docs.google.com/spreadsheets/d/1wyfsP44k3hM3PWMqxeKsaTt7TwuwM4VkPuuauTI9gto/edit?gid=1508099045#gid=1508099045", Default env: ""
[7/9/2026, 4:33:09 PM] [fetchRawRows] Extracted sheet ID: "1wyfsP44k3hM3PWMqxeKsaTt7TwuwM4VkPuuauTI9gto"
[7/9/2026, 4:33:11 PM] [fetchRawRows] Successfully fetched 11 rows (including headers) for employee.
[7/9/2026, 4:33:11 PM] [API/employee] Returning 17 headers and 10 rows
[7/9/2026, 4:33:11 PM] [fetchRawRows] Requesting employee sheet. Input: "https://docs.google.com/spreadsheets/d/1wyfsP44k3hM3PWMqxeKsaTt7TwuwM4VkPuuauTI9gto/edit?gid=1508099045#gid=1508099045", Default env: ""
[7/9/2026, 4:33:11 PM] [fetchRawRows] Extracted sheet ID: "1wyfsP44k3hM3PWMqxeKsaTt7TwuwM4VkPuuauTI9gto"
[7/9/2026, 4:33:12 PM] [fetchRawRows] Successfully fetched 11 rows (including headers) for employee.
[7/9/2026, 4:33:12 PM] [API/employee] Returning 17 headers and 10 rows
[7/9/2026, 4:33:23 PM] [fetchRawRows] Requesting brand sheet. Input: "https://docs.google.com/spreadsheets/d/1Gxw2YSeTHNvOsAyYzK13Z_SeZbatlktNoXyzRjTF-yI/edit?gid=1282987724#gid=1282987724", Default env: ""
[7/9/2026, 4:33:23 PM] [fetchRawRows] Extracted sheet ID: "1Gxw2YSeTHNvOsAyYzK13Z_SeZbatlktNoXyzRjTF-yI"
[7/9/2026, 4:33:24 PM] [fetchRawRows] Successfully fetched 114 rows (including headers) for brand.
[7/9/2026, 4:33:24 PM] [API/brand] Returning 20 headers and 113 rows
[7/9/2026, 4:33:24 PM] [fetchRawRows] Requesting brand sheet. Input: "https://docs.google.com/spreadsheets/d/1Gxw2YSeTHNvOsAyYzK13Z_SeZbatlktNoXyzRjTF-yI/edit?gid=1282987724#gid=1282987724", Default env: ""
[7/9/2026, 4:33:24 PM] [fetchRawRows] Extracted sheet ID: "1Gxw2YSeTHNvOsAyYzK13Z_SeZbatlktNoXyzRjTF-yI"
[7/9/2026, 4:33:25 PM] [fetchRawRows] Successfully fetched 114 rows (including headers) for brand.
[7/9/2026, 4:33:25 PM] [API/brand] Returning 20 headers and 113 rows
[7/9/2026, 5:07:54 PM] [fetchRawRows] Requesting brand sheet. Input: "https://docs.google.com/spreadsheets/d/1Gxw2YSeTHNvOsAyYzK13Z_SeZbatlktNoXyzRjTF-yI/edit?gid=1282987724#gid=1282987724", Default env: ""
[7/9/2026, 5:07:55 PM] [fetchRawRows] Extracted sheet ID: "1Gxw2YSeTHNvOsAyYzK13Z_SeZbatlktNoXyzRjTF-yI"
[7/9/2026, 5:07:56 PM] [fetchRawRows] Successfully fetched 114 rows (including headers) for brand.
[7/9/2026, 5:07:56 PM] [API/brand] Returning 20 headers and 113 rows
[7/9/2026, 5:10:29 PM] [fetchRawRows] Requesting brand sheet. Input: "https://docs.google.com/spreadsheets/d/1Gxw2YSeTHNvOsAyYzK13Z_SeZbatlktNoXyzRjTF-yI/edit?gid=1282987724#gid=1282987724", Default env: ""
[7/9/2026, 5:10:29 PM] [fetchRawRows] Extracted sheet ID: "1Gxw2YSeTHNvOsAyYzK13Z_SeZbatlktNoXyzRjTF-yI"
[7/9/2026, 5:10:30 PM] [fetchRawRows] Successfully fetched 114 rows (including headers) for brand.
[7/9/2026, 5:10:30 PM] [API/brand] Returning 20 headers and 113 rows
[7/9/2026, 5:12:57 PM] [fetchRawRows] Requesting brand sheet. Input: "https://docs.google.com/spreadsheets/d/1Gxw2YSeTHNvOsAyYzK13Z_SeZbatlktNoXyzRjTF-yI/edit?gid=1282987724#gid=1282987724", Default env: ""
[7/9/2026, 5:12:57 PM] [fetchRawRows] Extracted sheet ID: "1Gxw2YSeTHNvOsAyYzK13Z_SeZbatlktNoXyzRjTF-yI"
[7/9/2026, 5:12:58 PM] [fetchRawRows] Successfully fetched 114 rows (including headers) for brand.
[7/9/2026, 5:12:58 PM] [API/brand] Returning 20 headers and 113 rows
[7/9/2026, 5:13:10 PM] [fetchRawRows] Requesting brand sheet. Input: "https://docs.google.com/spreadsheets/d/1Gxw2YSeTHNvOsAyYzK13Z_SeZbatlktNoXyzRjTF-yI/edit?gid=1282987724#gid=1282987724", Default env: ""
[7/9/2026, 5:13:10 PM] [fetchRawRows] Extracted sheet ID: "1Gxw2YSeTHNvOsAyYzK13Z_SeZbatlktNoXyzRjTF-yI"
[7/9/2026, 5:13:11 PM] [fetchRawRows] Successfully fetched 114 rows (including headers) for brand.
[7/9/2026, 5:13:11 PM] [API/brand] Returning 20 headers and 113 rows
[7/9/2026, 5:14:13 PM] [fetchRawRows] Requesting brand sheet. Input: "https://docs.google.com/spreadsheets/d/1Gxw2YSeTHNvOsAyYzK13Z_SeZbatlktNoXyzRjTF-yI/edit?gid=1282987724#gid=1282987724", Default env: ""
[7/9/2026, 5:14:13 PM] [fetchRawRows] Extracted sheet ID: "1Gxw2YSeTHNvOsAyYzK13Z_SeZbatlktNoXyzRjTF-yI"
[7/9/2026, 5:14:15 PM] [fetchRawRows] Successfully fetched 114 rows (including headers) for brand.
[7/9/2026, 5:14:15 PM] [API/brand] Returning 20 headers and 113 rows
[7/9/2026, 5:14:15 PM] [fetchRawRows] Requesting brand sheet. Input: "https://docs.google.com/spreadsheets/d/1Gxw2YSeTHNvOsAyYzK13Z_SeZbatlktNoXyzRjTF-yI/edit?gid=1282987724#gid=1282987724", Default env: ""
[7/9/2026, 5:14:15 PM] [fetchRawRows] Extracted sheet ID: "1Gxw2YSeTHNvOsAyYzK13Z_SeZbatlktNoXyzRjTF-yI"
[7/9/2026, 5:14:17 PM] [fetchRawRows] Successfully fetched 114 rows (including headers) for brand.
[7/9/2026, 5:14:17 PM] [API/brand] Returning 20 headers and 113 rows
[7/9/2026, 5:14:17 PM] [fetchRawRows] Requesting brand sheet. Input: "https://docs.google.com/spreadsheets/d/1Gxw2YSeTHNvOsAyYzK13Z_SeZbatlktNoXyzRjTF-yI/edit?gid=1282987724#gid=1282987724", Default env: ""
[7/9/2026, 5:14:17 PM] [fetchRawRows] Extracted sheet ID: "1Gxw2YSeTHNvOsAyYzK13Z_SeZbatlktNoXyzRjTF-yI"
[7/9/2026, 5:14:18 PM] [fetchRawRows] Successfully fetched 114 rows (including headers) for brand.
[7/9/2026, 5:14:18 PM] [API/brand] Returning 20 headers and 113 rows
[7/9/2026, 5:25:01 PM] [fetchRawRows] Requesting brand sheet. Input: "https://docs.google.com/spreadsheets/d/1Gxw2YSeTHNvOsAyYzK13Z_SeZbatlktNoXyzRjTF-yI/edit?gid=1282987724#gid=1282987724", Default env: ""
[7/9/2026, 5:25:01 PM] [fetchRawRows] Extracted sheet ID: "1Gxw2YSeTHNvOsAyYzK13Z_SeZbatlktNoXyzRjTF-yI"
[7/9/2026, 5:25:02 PM] [fetchRawRows] Successfully fetched 114 rows (including headers) for brand.
[7/9/2026, 5:25:02 PM] [API/brand] Returning 20 headers and 113 rows
[7/9/2026, 5:34:58 PM] [fetchRawRows] Requesting brand sheet. Input: "https://docs.google.com/spreadsheets/d/1Gxw2YSeTHNvOsAyYzK13Z_SeZbatlktNoXyzRjTF-yI/edit?gid=1282987724#gid=1282987724", Default env: ""
[7/9/2026, 5:34:58 PM] [fetchRawRows] Extracted sheet ID: "1Gxw2YSeTHNvOsAyYzK13Z_SeZbatlktNoXyzRjTF-yI"
[7/9/2026, 5:34:59 PM] [fetchRawRows] Successfully fetched 114 rows (including headers) for brand.
[7/9/2026, 5:34:59 PM] [API/brand] Returning 20 headers and 113 rows
[7/9/2026, 5:35:05 PM] [fetchRawRows] Requesting brand sheet. Input: "https://docs.google.com/spreadsheets/d/1Gxw2YSeTHNvOsAyYzK13Z_SeZbatlktNoXyzRjTF-yI/edit?gid=1282987724#gid=1282987724", Default env: ""
[7/9/2026, 5:35:05 PM] [fetchRawRows] Extracted sheet ID: "1Gxw2YSeTHNvOsAyYzK13Z_SeZbatlktNoXyzRjTF-yI"
[7/9/2026, 5:35:07 PM] [fetchRawRows] Successfully fetched 114 rows (including headers) for brand.
[7/9/2026, 5:35:07 PM] [API/brand] Returning 20 headers and 113 rows
[7/9/2026, 5:35:47 PM] [fetchRawRows] Requesting brand sheet. Input: "https://docs.google.com/spreadsheets/d/1Gxw2YSeTHNvOsAyYzK13Z_SeZbatlktNoXyzRjTF-yI/edit?gid=1282987724#gid=1282987724", Default env: ""
[7/9/2026, 5:35:47 PM] [fetchRawRows] Extracted sheet ID: "1Gxw2YSeTHNvOsAyYzK13Z_SeZbatlktNoXyzRjTF-yI"
[7/9/2026, 5:35:48 PM] [fetchRawRows] Successfully fetched 114 rows (including headers) for brand.
[7/9/2026, 5:35:48 PM] [API/brand] Returning 20 headers and 113 rows
[7/9/2026, 5:41:07 PM] [fetchRawRows] Requesting brand sheet. Input: "https://docs.google.com/spreadsheets/d/1Gxw2YSeTHNvOsAyYzK13Z_SeZbatlktNoXyzRjTF-yI/edit?gid=1282987724#gid=1282987724", Default env: ""
[7/9/2026, 5:41:07 PM] [fetchRawRows] Extracted sheet ID: "1Gxw2YSeTHNvOsAyYzK13Z_SeZbatlktNoXyzRjTF-yI"
[7/9/2026, 5:41:09 PM] [fetchRawRows] Successfully fetched 114 rows (including headers) for brand.
[7/9/2026, 5:41:09 PM] [API/brand] Returning 20 headers and 113 rows
[7/9/2026, 5:46:16 PM] [fetchRawRows] Requesting employee sheet. Input: "https://docs.google.com/spreadsheets/d/1wyfsP44k3hM3PWMqxeKsaTt7TwuwM4VkPuuauTI9gto/edit?gid=1508099045#gid=1508099045", Default env: ""
[7/9/2026, 5:46:16 PM] [fetchRawRows] Extracted sheet ID: "1wyfsP44k3hM3PWMqxeKsaTt7TwuwM4VkPuuauTI9gto"
[7/9/2026, 5:46:17 PM] [fetchRawRows] Successfully fetched 11 rows (including headers) for employee.
[7/9/2026, 5:46:17 PM] [API/employee] Returning 17 headers and 10 rows
[7/9/2026, 5:46:17 PM] [fetchRawRows] Requesting employee sheet. Input: "https://docs.google.com/spreadsheets/d/1wyfsP44k3hM3PWMqxeKsaTt7TwuwM4VkPuuauTI9gto/edit?gid=1508099045#gid=1508099045", Default env: ""
[7/9/2026, 5:46:17 PM] [fetchRawRows] Extracted sheet ID: "1wyfsP44k3hM3PWMqxeKsaTt7TwuwM4VkPuuauTI9gto"
[7/9/2026, 5:46:18 PM] [fetchRawRows] Successfully fetched 11 rows (including headers) for employee.
[7/9/2026, 5:46:18 PM] [API/employee] Returning 17 headers and 10 rows
[7/9/2026, 5:51:27 PM] [fetchRawRows] Requesting brand sheet. Input: "https://docs.google.com/spreadsheets/d/1Gxw2YSeTHNvOsAyYzK13Z_SeZbatlktNoXyzRjTF-yI/edit?gid=1282987724#gid=1282987724", Default env: ""
[7/9/2026, 5:51:27 PM] [fetchRawRows] Extracted sheet ID: "1Gxw2YSeTHNvOsAyYzK13Z_SeZbatlktNoXyzRjTF-yI"
[7/9/2026, 5:51:29 PM] [fetchRawRows] Successfully fetched 114 rows (including headers) for brand.
[7/9/2026, 5:51:29 PM] [API/brand] Returning 20 headers and 113 rows
[7/9/2026, 5:51:30 PM] [fetchRawRows] Requesting brand sheet. Input: "https://docs.google.com/spreadsheets/d/1Gxw2YSeTHNvOsAyYzK13Z_SeZbatlktNoXyzRjTF-yI/edit?gid=1282987724#gid=1282987724", Default env: ""
[7/9/2026, 5:51:30 PM] [fetchRawRows] Extracted sheet ID: "1Gxw2YSeTHNvOsAyYzK13Z_SeZbatlktNoXyzRjTF-yI"
[7/9/2026, 5:51:31 PM] [fetchRawRows] Successfully fetched 114 rows (including headers) for brand.
[7/9/2026, 5:51:31 PM] [API/brand] Returning 20 headers and 113 rows
[7/9/2026, 5:52:51 PM] [fetchRawRows] Requesting brand sheet. Input: "https://docs.google.com/spreadsheets/d/1Gxw2YSeTHNvOsAyYzK13Z_SeZbatlktNoXyzRjTF-yI/edit?gid=1282987724#gid=1282987724", Default env: ""
[7/9/2026, 5:52:51 PM] [fetchRawRows] Extracted sheet ID: "1Gxw2YSeTHNvOsAyYzK13Z_SeZbatlktNoXyzRjTF-yI"
[7/9/2026, 5:52:52 PM] [fetchRawRows] Successfully fetched 114 rows (including headers) for brand.
[7/9/2026, 5:52:53 PM] [API/brand] Returning 20 headers and 113 rows
[7/9/2026, 5:57:00 PM] [fetchRawRows] Requesting employee sheet. Input: "https://docs.google.com/spreadsheets/d/1wyfsP44k3hM3PWMqxeKsaTt7TwuwM4VkPuuauTI9gto/edit?gid=1508099045#gid=1508099045", Default env: ""
[7/9/2026, 5:57:00 PM] [fetchRawRows] Extracted sheet ID: "1wyfsP44k3hM3PWMqxeKsaTt7TwuwM4VkPuuauTI9gto"
[7/9/2026, 5:57:02 PM] [fetchRawRows] Successfully fetched 11 rows (including headers) for employee.
[7/9/2026, 5:57:02 PM] [API/employee] Returning 17 headers and 10 rows
[7/9/2026, 5:57:02 PM] [fetchRawRows] Requesting employee sheet. Input: "https://docs.google.com/spreadsheets/d/1wyfsP44k3hM3PWMqxeKsaTt7TwuwM4VkPuuauTI9gto/edit?gid=1508099045#gid=1508099045", Default env: ""
[7/9/2026, 5:57:02 PM] [fetchRawRows] Extracted sheet ID: "1wyfsP44k3hM3PWMqxeKsaTt7TwuwM4VkPuuauTI9gto"
[7/9/2026, 5:57:02 PM] [fetchRawRows] Successfully fetched 11 rows (including headers) for employee.
[7/9/2026, 5:57:02 PM] [API/employee] Returning 17 headers and 10 rows
[7/9/2026, 6:00:09 PM] [fetchRawRows] Requesting brand sheet. Input: "https://docs.google.com/spreadsheets/d/1Gxw2YSeTHNvOsAyYzK13Z_SeZbatlktNoXyzRjTF-yI/edit?gid=1282987724#gid=1282987724", Default env: ""
[7/9/2026, 6:00:09 PM] [fetchRawRows] Extracted sheet ID: "1Gxw2YSeTHNvOsAyYzK13Z_SeZbatlktNoXyzRjTF-yI"
[7/9/2026, 6:00:11 PM] [fetchRawRows] Successfully fetched 114 rows (including headers) for brand.
[7/9/2026, 6:00:11 PM] [API/brand] Returning 20 headers and 113 rows
[7/9/2026, 6:00:11 PM] [fetchRawRows] Requesting brand sheet. Input: "https://docs.google.com/spreadsheets/d/1Gxw2YSeTHNvOsAyYzK13Z_SeZbatlktNoXyzRjTF-yI/edit?gid=1282987724#gid=1282987724", Default env: ""
[7/9/2026, 6:00:11 PM] [fetchRawRows] Extracted sheet ID: "1Gxw2YSeTHNvOsAyYzK13Z_SeZbatlktNoXyzRjTF-yI"
[7/9/2026, 6:00:12 PM] [fetchRawRows] Successfully fetched 114 rows (including headers) for brand.
[7/9/2026, 6:00:12 PM] [API/brand] Returning 20 headers and 113 rows
[7/9/2026, 6:18:18 PM] [fetchRawRows] Requesting brand sheet. Input: "https://docs.google.com/spreadsheets/d/1Gxw2YSeTHNvOsAyYzK13Z_SeZbatlktNoXyzRjTF-yI/edit?gid=1282987724#gid=1282987724", Default env: ""
[7/9/2026, 6:18:18 PM] [fetchRawRows] Extracted sheet ID: "1Gxw2YSeTHNvOsAyYzK13Z_SeZbatlktNoXyzRjTF-yI"
[7/9/2026, 6:18:24 PM] [fetchRawRows] Successfully fetched 114 rows (including headers) for brand.
[7/9/2026, 6:18:24 PM] [API/brand] Returning 20 headers and 113 rows
[7/9/2026, 6:35:48 PM] [fetchRawRows] Requesting brand sheet. Input: "https://docs.google.com/spreadsheets/d/1Gxw2YSeTHNvOsAyYzK13Z_SeZbatlktNoXyzRjTF-yI/edit?gid=1282987724#gid=1282987724", Default env: ""
[7/9/2026, 6:35:48 PM] [fetchRawRows] Extracted sheet ID: "1Gxw2YSeTHNvOsAyYzK13Z_SeZbatlktNoXyzRjTF-yI"
[7/9/2026, 6:35:50 PM] [fetchRawRows] Successfully fetched 114 rows (including headers) for brand.
[7/9/2026, 6:35:50 PM] [API/brand] Returning 20 headers and 113 rows
[7/9/2026, 6:43:20 PM] [fetchRawRows] Requesting brand sheet. Input: "https://docs.google.com/spreadsheets/d/1Gxw2YSeTHNvOsAyYzK13Z_SeZbatlktNoXyzRjTF-yI/edit?gid=1282987724#gid=1282987724", Default env: ""
[7/9/2026, 6:43:20 PM] [fetchRawRows] Extracted sheet ID: "1Gxw2YSeTHNvOsAyYzK13Z_SeZbatlktNoXyzRjTF-yI"
[7/9/2026, 6:43:22 PM] [fetchRawRows] Successfully fetched 114 rows (including headers) for brand.
[7/9/2026, 6:43:22 PM] [API/brand] Returning 20 headers and 113 rows
[7/9/2026, 6:57:49 PM] [fetchRawRows] Requesting brand sheet. Input: "https://docs.google.com/spreadsheets/d/1Gxw2YSeTHNvOsAyYzK13Z_SeZbatlktNoXyzRjTF-yI/edit?gid=1282987724#gid=1282987724", Default env: ""
[7/9/2026, 6:57:49 PM] [fetchRawRows] Extracted sheet ID: "1Gxw2YSeTHNvOsAyYzK13Z_SeZbatlktNoXyzRjTF-yI"
[7/9/2026, 6:57:51 PM] [fetchRawRows] Successfully fetched 114 rows (including headers) for brand.
[7/9/2026, 6:57:51 PM] [API/brand] Returning 20 headers and 113 rows
[7/9/2026, 7:04:20 PM] [fetchRawRows] Requesting brand sheet. Input: "https://docs.google.com/spreadsheets/d/1Gxw2YSeTHNvOsAyYzK13Z_SeZbatlktNoXyzRjTF-yI/edit?gid=1282987724#gid=1282987724", Default env: ""
[7/9/2026, 7:04:20 PM] [fetchRawRows] Extracted sheet ID: "1Gxw2YSeTHNvOsAyYzK13Z_SeZbatlktNoXyzRjTF-yI"
[7/9/2026, 7:04:22 PM] [fetchRawRows] Successfully fetched 114 rows (including headers) for brand.
[7/9/2026, 7:04:22 PM] [API/brand] Returning 20 headers and 113 rows
[7/9/2026, 7:04:23 PM] [fetchRawRows] Requesting employee sheet. Input: "https://docs.google.com/spreadsheets/d/1wyfsP44k3hM3PWMqxeKsaTt7TwuwM4VkPuuauTI9gto/edit?gid=1508099045#gid=1508099045", Default env: ""
[7/9/2026, 7:04:23 PM] [fetchRawRows] Extracted sheet ID: "1wyfsP44k3hM3PWMqxeKsaTt7TwuwM4VkPuuauTI9gto"
[7/9/2026, 7:04:25 PM] [fetchRawRows] Successfully fetched 11 rows (including headers) for employee.
[7/9/2026, 7:04:25 PM] [API/employee] Returning 17 headers and 10 rows
[7/9/2026, 7:04:26 PM] [fetchRawRows] Requesting employee sheet. Input: "https://docs.google.com/spreadsheets/d/1wyfsP44k3hM3PWMqxeKsaTt7TwuwM4VkPuuauTI9gto/edit?gid=1508099045#gid=1508099045", Default env: ""
[7/9/2026, 7:04:26 PM] [fetchRawRows] Extracted sheet ID: "1wyfsP44k3hM3PWMqxeKsaTt7TwuwM4VkPuuauTI9gto"
[7/9/2026, 7:04:26 PM] [fetchRawRows] Successfully fetched 11 rows (including headers) for employee.
[7/9/2026, 7:04:26 PM] [API/employee] Returning 17 headers and 10 rows
[7/9/2026, 7:04:40 PM] [fetchRawRows] Requesting employee sheet. Input: "https://docs.google.com/spreadsheets/d/1wyfsP44k3hM3PWMqxeKsaTt7TwuwM4VkPuuauTI9gto/edit?gid=1508099045#gid=1508099045", Default env: ""
[7/9/2026, 7:04:40 PM] [fetchRawRows] Extracted sheet ID: "1wyfsP44k3hM3PWMqxeKsaTt7TwuwM4VkPuuauTI9gto"
[7/9/2026, 7:04:41 PM] [fetchRawRows] Successfully fetched 11 rows (including headers) for employee.
[7/9/2026, 7:04:41 PM] [API/employee] Returning 17 headers and 10 rows
[7/9/2026, 7:04:41 PM] [fetchRawRows] Requesting employee sheet. Input: "https://docs.google.com/spreadsheets/d/1wyfsP44k3hM3PWMqxeKsaTt7TwuwM4VkPuuauTI9gto/edit?gid=1508099045#gid=1508099045", Default env: ""
[7/9/2026, 7:04:41 PM] [fetchRawRows] Extracted sheet ID: "1wyfsP44k3hM3PWMqxeKsaTt7TwuwM4VkPuuauTI9gto"
[7/9/2026, 7:04:41 PM] [fetchRawRows] Requesting brand sheet. Input: "https://docs.google.com/spreadsheets/d/1Gxw2YSeTHNvOsAyYzK13Z_SeZbatlktNoXyzRjTF-yI/edit?gid=1282987724#gid=1282987724", Default env: ""
[7/9/2026, 7:04:41 PM] [fetchRawRows] Extracted sheet ID: "1Gxw2YSeTHNvOsAyYzK13Z_SeZbatlktNoXyzRjTF-yI"
[7/9/2026, 7:04:42 PM] [fetchRawRows] Successfully fetched 11 rows (including headers) for employee.
[7/9/2026, 7:04:42 PM] [API/employee] Returning 17 headers and 10 rows
[7/9/2026, 7:04:42 PM] [fetchRawRows] Successfully fetched 114 rows (including headers) for brand.
[7/9/2026, 7:04:42 PM] [API/brand] Returning 20 headers and 113 rows
[7/9/2026, 7:04:42 PM] [fetchRawRows] Requesting brand sheet. Input: "https://docs.google.com/spreadsheets/d/1Gxw2YSeTHNvOsAyYzK13Z_SeZbatlktNoXyzRjTF-yI/edit?gid=1282987724#gid=1282987724", Default env: ""
[7/9/2026, 7:04:42 PM] [fetchRawRows] Extracted sheet ID: "1Gxw2YSeTHNvOsAyYzK13Z_SeZbatlktNoXyzRjTF-yI"
[7/9/2026, 7:04:43 PM] [fetchRawRows] Successfully fetched 114 rows (including headers) for brand.
[7/9/2026, 7:04:43 PM] [API/brand] Returning 20 headers and 113 rows
[7/9/2026, 7:04:44 PM] [fetchRawRows] Requesting employee sheet. Input: "https://docs.google.com/spreadsheets/d/1wyfsP44k3hM3PWMqxeKsaTt7TwuwM4VkPuuauTI9gto/edit?gid=1508099045#gid=1508099045", Default env: ""
[7/9/2026, 7:04:44 PM] [fetchRawRows] Extracted sheet ID: "1wyfsP44k3hM3PWMqxeKsaTt7TwuwM4VkPuuauTI9gto"
[7/9/2026, 7:04:45 PM] [fetchRawRows] Successfully fetched 11 rows (including headers) for employee.
[7/9/2026, 7:04:45 PM] [API/employee] Returning 17 headers and 10 rows
[7/9/2026, 7:04:45 PM] [fetchRawRows] Requesting employee sheet. Input: "https://docs.google.com/spreadsheets/d/1wyfsP44k3hM3PWMqxeKsaTt7TwuwM4VkPuuauTI9gto/edit?gid=1508099045#gid=1508099045", Default env: ""
[7/9/2026, 7:04:45 PM] [fetchRawRows] Extracted sheet ID: "1wyfsP44k3hM3PWMqxeKsaTt7TwuwM4VkPuuauTI9gto"
[7/9/2026, 7:04:46 PM] [fetchRawRows] Successfully fetched 11 rows (including headers) for employee.
[7/9/2026, 7:04:46 PM] [API/employee] Returning 17 headers and 10 rows
[7/9/2026, 7:12:07 PM] [fetchRawRows] Requesting brand sheet. Input: "https://docs.google.com/spreadsheets/d/1Gxw2YSeTHNvOsAyYzK13Z_SeZbatlktNoXyzRjTF-yI/edit?gid=1282987724#gid=1282987724", Default env: ""
[7/9/2026, 7:12:07 PM] [fetchRawRows] Extracted sheet ID: "1Gxw2YSeTHNvOsAyYzK13Z_SeZbatlktNoXyzRjTF-yI"
[7/9/2026, 7:12:09 PM] [fetchRawRows] Successfully fetched 114 rows (including headers) for brand.
[7/9/2026, 7:12:09 PM] [API/brand] Returning 20 headers and 113 rows
[7/9/2026, 7:12:09 PM] [fetchRawRows] Requesting brand sheet. Input: "https://docs.google.com/spreadsheets/d/1Gxw2YSeTHNvOsAyYzK13Z_SeZbatlktNoXyzRjTF-yI/edit?gid=1282987724#gid=1282987724", Default env: ""
[7/9/2026, 7:12:09 PM] [fetchRawRows] Extracted sheet ID: "1Gxw2YSeTHNvOsAyYzK13Z_SeZbatlktNoXyzRjTF-yI"
[7/9/2026, 7:12:10 PM] [fetchRawRows] Successfully fetched 114 rows (including headers) for brand.
[7/9/2026, 7:12:10 PM] [API/brand] Returning 20 headers and 113 rows
[7/9/2026, 7:15:08 PM] [fetchRawRows] Requesting brand sheet. Input: "https://docs.google.com/spreadsheets/d/1Gxw2YSeTHNvOsAyYzK13Z_SeZbatlktNoXyzRjTF-yI/edit?gid=1282987724#gid=1282987724", Default env: ""
[7/9/2026, 7:15:08 PM] [fetchRawRows] Extracted sheet ID: "1Gxw2YSeTHNvOsAyYzK13Z_SeZbatlktNoXyzRjTF-yI"
[7/9/2026, 7:15:10 PM] [fetchRawRows] Successfully fetched 114 rows (including headers) for brand.
[7/9/2026, 7:15:10 PM] [API/brand] Returning 20 headers and 113 rows
[7/9/2026, 7:21:54 PM] [fetchRawRows] Requesting brand sheet. Input: "https://docs.google.com/spreadsheets/d/1Gxw2YSeTHNvOsAyYzK13Z_SeZbatlktNoXyzRjTF-yI/edit?gid=1282987724#gid=1282987724", Default env: ""
[7/9/2026, 7:21:54 PM] [fetchRawRows] Extracted sheet ID: "1Gxw2YSeTHNvOsAyYzK13Z_SeZbatlktNoXyzRjTF-yI"
[7/9/2026, 7:21:55 PM] [fetchRawRows] Successfully fetched 114 rows (including headers) for brand.
[7/9/2026, 7:21:55 PM] [API/brand] Returning 20 headers and 113 rows
[7/9/2026, 7:33:12 PM] [fetchRawRows] Requesting employee sheet. Input: "https://docs.google.com/spreadsheets/d/1wyfsP44k3hM3PWMqxeKsaTt7TwuwM4VkPuuauTI9gto/edit?gid=1508099045#gid=1508099045", Default env: ""
[7/9/2026, 7:33:12 PM] [fetchRawRows] Extracted sheet ID: "1wyfsP44k3hM3PWMqxeKsaTt7TwuwM4VkPuuauTI9gto"
[7/9/2026, 7:33:13 PM] [fetchRawRows] Successfully fetched 11 rows (including headers) for employee.
[7/9/2026, 7:33:13 PM] [API/employee] Returning 17 headers and 10 rows
[7/9/2026, 7:33:13 PM] [fetchRawRows] Requesting employee sheet. Input: "https://docs.google.com/spreadsheets/d/1wyfsP44k3hM3PWMqxeKsaTt7TwuwM4VkPuuauTI9gto/edit?gid=1508099045#gid=1508099045", Default env: ""
[7/9/2026, 7:33:13 PM] [fetchRawRows] Extracted sheet ID: "1wyfsP44k3hM3PWMqxeKsaTt7TwuwM4VkPuuauTI9gto"
[7/9/2026, 7:33:14 PM] [fetchRawRows] Successfully fetched 11 rows (including headers) for employee.
[7/9/2026, 7:33:14 PM] [API/employee] Returning 17 headers and 10 rows
[7/9/2026, 7:34:17 PM] [fetchRawRows] Requesting brand sheet. Input: "https://docs.google.com/spreadsheets/d/1Gxw2YSeTHNvOsAyYzK13Z_SeZbatlktNoXyzRjTF-yI/edit?gid=1282987724#gid=1282987724", Default env: ""
[7/9/2026, 7:34:17 PM] [fetchRawRows] Extracted sheet ID: "1Gxw2YSeTHNvOsAyYzK13Z_SeZbatlktNoXyzRjTF-yI"
[7/9/2026, 7:34:18 PM] [fetchRawRows] Successfully fetched 114 rows (including headers) for brand.
[7/9/2026, 7:34:18 PM] [API/brand] Returning 20 headers and 113 rows
[7/9/2026, 7:34:18 PM] [fetchRawRows] Requesting brand sheet. Input: "https://docs.google.com/spreadsheets/d/1Gxw2YSeTHNvOsAyYzK13Z_SeZbatlktNoXyzRjTF-yI/edit?gid=1282987724#gid=1282987724", Default env: ""
[7/9/2026, 7:34:18 PM] [fetchRawRows] Extracted sheet ID: "1Gxw2YSeTHNvOsAyYzK13Z_SeZbatlktNoXyzRjTF-yI"
[7/9/2026, 7:34:19 PM] [fetchRawRows] Successfully fetched 114 rows (including headers) for brand.
[7/9/2026, 7:34:19 PM] [API/brand] Returning 20 headers and 113 rows
[7/9/2026, 7:34:19 PM] [fetchRawRows] Requesting employee sheet. Input: "https://docs.google.com/spreadsheets/d/1wyfsP44k3hM3PWMqxeKsaTt7TwuwM4VkPuuauTI9gto/edit?gid=1508099045#gid=1508099045", Default env: ""
[7/9/2026, 7:34:19 PM] [fetchRawRows] Extracted sheet ID: "1wyfsP44k3hM3PWMqxeKsaTt7TwuwM4VkPuuauTI9gto"
[7/9/2026, 7:34:20 PM] [fetchRawRows] Successfully fetched 11 rows (including headers) for employee.
[7/9/2026, 7:34:20 PM] [API/employee] Returning 17 headers and 10 rows
[7/9/2026, 7:34:20 PM] [fetchRawRows] Requesting employee sheet. Input: "https://docs.google.com/spreadsheets/d/1wyfsP44k3hM3PWMqxeKsaTt7TwuwM4VkPuuauTI9gto/edit?gid=1508099045#gid=1508099045", Default env: ""
[7/9/2026, 7:34:20 PM] [fetchRawRows] Extracted sheet ID: "1wyfsP44k3hM3PWMqxeKsaTt7TwuwM4VkPuuauTI9gto"
[7/9/2026, 7:34:21 PM] [fetchRawRows] Successfully fetched 11 rows (including headers) for employee.
[7/9/2026, 7:34:21 PM] [API/employee] Returning 17 headers and 10 rows
[7/9/2026, 7:34:23 PM] [fetchRawRows] Requesting brand sheet. Input: "https://docs.google.com/spreadsheets/d/1Gxw2YSeTHNvOsAyYzK13Z_SeZbatlktNoXyzRjTF-yI/edit?gid=1282987724#gid=1282987724", Default env: ""
[7/9/2026, 7:34:23 PM] [fetchRawRows] Extracted sheet ID: "1Gxw2YSeTHNvOsAyYzK13Z_SeZbatlktNoXyzRjTF-yI"
[7/9/2026, 7:34:24 PM] [fetchRawRows] Successfully fetched 114 rows (including headers) for brand.
[7/9/2026, 7:34:25 PM] [API/brand] Returning 20 headers and 113 rows
[7/9/2026, 7:34:25 PM] [fetchRawRows] Requesting brand sheet. Input: "https://docs.google.com/spreadsheets/d/1Gxw2YSeTHNvOsAyYzK13Z_SeZbatlktNoXyzRjTF-yI/edit?gid=1282987724#gid=1282987724", Default env: ""
[7/9/2026, 7:34:25 PM] [fetchRawRows] Extracted sheet ID: "1Gxw2YSeTHNvOsAyYzK13Z_SeZbatlktNoXyzRjTF-yI"
[7/9/2026, 7:34:26 PM] [fetchRawRows] Successfully fetched 114 rows (including headers) for brand.
[7/9/2026, 7:34:26 PM] [API/brand] Returning 20 headers and 113 rows
[7/10/2026, 1:12:11 PM] [fetchRawRows] Requesting brand sheet. Input: "https://docs.google.com/spreadsheets/d/1Gxw2YSeTHNvOsAyYzK13Z_SeZbatlktNoXyzRjTF-yI/edit?gid=1282987724#gid=1282987724", Default env: "1Gxw2YSeTHNvOsAyYzK13Z_SeZbatlktNoXyzRjTF-yI"
[7/10/2026, 1:12:11 PM] [fetchRawRows] Extracted sheet ID: "1Gxw2YSeTHNvOsAyYzK13Z_SeZbatlktNoXyzRjTF-yI"
[7/10/2026, 1:12:12 PM] [fetchRawRows] Requesting employee sheet. Input: "https://docs.google.com/spreadsheets/d/1wyfsP44k3hM3PWMqxeKsaTt7TwuwM4VkPuuauTI9gto/edit?gid=1508099045#gid=1508099045", Default env: "1wyfsP44k3hM3PWMqxeKsaTt7TwuwM4VkPuuauTI9gto"
[7/10/2026, 1:12:12 PM] [fetchRawRows] Extracted sheet ID: "1wyfsP44k3hM3PWMqxeKsaTt7TwuwM4VkPuuauTI9gto"
[7/10/2026, 1:12:21 PM] [fetchRawRows] Successfully fetched 114 rows (including headers) for brand.
[7/10/2026, 1:12:21 PM] [API/brand] Returning 20 headers and 113 rows
[7/10/2026, 1:12:21 PM] [fetchRawRows] Successfully fetched 11 rows (including headers) for employee.
[7/10/2026, 1:12:21 PM] [API/employee] Returning 17 headers and 10 rows
[7/10/2026, 2:33:55 PM] [fetchRawRows] Requesting brand sheet. Input: "https://docs.google.com/spreadsheets/d/1Gxw2YSeTHNvOsAyYzK13Z_SeZbatlktNoXyzRjTF-yI/edit?gid=1282987724#gid=1282987724", Default env: "1Gxw2YSeTHNvOsAyYzK13Z_SeZbatlktNoXyzRjTF-yI"
[7/10/2026, 2:33:55 PM] [fetchRawRows] Extracted sheet ID: "1Gxw2YSeTHNvOsAyYzK13Z_SeZbatlktNoXyzRjTF-yI"
[7/10/2026, 2:33:56 PM] [fetchRawRows] Requesting employee sheet. Input: "https://docs.google.com/spreadsheets/d/1wyfsP44k3hM3PWMqxeKsaTt7TwuwM4VkPuuauTI9gto/edit?gid=1508099045#gid=1508099045", Default env: "1wyfsP44k3hM3PWMqxeKsaTt7TwuwM4VkPuuauTI9gto"
[7/10/2026, 2:33:56 PM] [fetchRawRows] Extracted sheet ID: "1wyfsP44k3hM3PWMqxeKsaTt7TwuwM4VkPuuauTI9gto"
[7/10/2026, 2:33:57 PM] [fetchRawRows] Successfully fetched 114 rows (including headers) for brand.
[7/10/2026, 2:33:57 PM] [API/brand] Returning 20 headers and 113 rows
[7/10/2026, 2:33:57 PM] [fetchRawRows] Requesting brand sheet. Input: "https://docs.google.com/spreadsheets/d/1Gxw2YSeTHNvOsAyYzK13Z_SeZbatlktNoXyzRjTF-yI/edit?gid=1282987724#gid=1282987724", Default env: "1Gxw2YSeTHNvOsAyYzK13Z_SeZbatlktNoXyzRjTF-yI"
[7/10/2026, 2:33:57 PM] [fetchRawRows] Extracted sheet ID: "1Gxw2YSeTHNvOsAyYzK13Z_SeZbatlktNoXyzRjTF-yI"
[7/10/2026, 2:33:57 PM] [fetchRawRows] Successfully fetched 11 rows (including headers) for employee.
[7/10/2026, 2:33:57 PM] [API/employee] Returning 17 headers and 10 rows
[7/10/2026, 2:33:57 PM] [fetchRawRows] Requesting employee sheet. Input: "https://docs.google.com/spreadsheets/d/1wyfsP44k3hM3PWMqxeKsaTt7TwuwM4VkPuuauTI9gto/edit?gid=1508099045#gid=1508099045", Default env: "1wyfsP44k3hM3PWMqxeKsaTt7TwuwM4VkPuuauTI9gto"
[7/10/2026, 2:33:57 PM] [fetchRawRows] Extracted sheet ID: "1wyfsP44k3hM3PWMqxeKsaTt7TwuwM4VkPuuauTI9gto"
[7/10/2026, 2:33:58 PM] [fetchRawRows] Successfully fetched 114 rows (including headers) for brand.
[7/10/2026, 2:33:58 PM] [API/brand] Returning 20 headers and 113 rows
[7/10/2026, 2:33:58 PM] [fetchRawRows] Successfully fetched 11 rows (including headers) for employee.
[7/10/2026, 2:33:58 PM] [API/employee] Returning 17 headers and 10 rows
[7/10/2026, 2:34:13 PM] [fetchRawRows] Requesting brand sheet. Input: "https://docs.google.com/spreadsheets/d/1Gxw2YSeTHNvOsAyYzK13Z_SeZbatlktNoXyzRjTF-yI/edit?gid=1282987724#gid=1282987724", Default env: "1Gxw2YSeTHNvOsAyYzK13Z_SeZbatlktNoXyzRjTF-yI"
[7/10/2026, 2:34:13 PM] [fetchRawRows] Extracted sheet ID: "1Gxw2YSeTHNvOsAyYzK13Z_SeZbatlktNoXyzRjTF-yI"
[7/10/2026, 2:34:14 PM] [fetchRawRows] Successfully fetched 114 rows (including headers) for brand.
[7/10/2026, 2:34:14 PM] [API/brand] Returning 20 headers and 113 rows
[7/10/2026, 2:34:14 PM] [fetchRawRows] Requesting brand sheet. Input: "https://docs.google.com/spreadsheets/d/1Gxw2YSeTHNvOsAyYzK13Z_SeZbatlktNoXyzRjTF-yI/edit?gid=1282987724#gid=1282987724", Default env: "1Gxw2YSeTHNvOsAyYzK13Z_SeZbatlktNoXyzRjTF-yI"
[7/10/2026, 2:34:14 PM] [fetchRawRows] Extracted sheet ID: "1Gxw2YSeTHNvOsAyYzK13Z_SeZbatlktNoXyzRjTF-yI"
[7/10/2026, 2:34:15 PM] [fetchRawRows] Successfully fetched 114 rows (including headers) for brand.
[7/10/2026, 2:34:15 PM] [API/brand] Returning 20 headers and 113 rows
[7/10/2026, 2:36:44 PM] [fetchRawRows] Requesting employee sheet. Input: "https://docs.google.com/spreadsheets/d/1wyfsP44k3hM3PWMqxeKsaTt7TwuwM4VkPuuauTI9gto/edit?gid=1508099045#gid=1508099045", Default env: "1wyfsP44k3hM3PWMqxeKsaTt7TwuwM4VkPuuauTI9gto"
[7/10/2026, 2:36:44 PM] [fetchRawRows] Extracted sheet ID: "1wyfsP44k3hM3PWMqxeKsaTt7TwuwM4VkPuuauTI9gto"
[7/10/2026, 2:36:45 PM] [fetchRawRows] Successfully fetched 11 rows (including headers) for employee.
[7/10/2026, 2:36:45 PM] [API/employee] Returning 17 headers and 10 rows
[7/10/2026, 2:36:45 PM] [fetchRawRows] Requesting employee sheet. Input: "https://docs.google.com/spreadsheets/d/1wyfsP44k3hM3PWMqxeKsaTt7TwuwM4VkPuuauTI9gto/edit?gid=1508099045#gid=1508099045", Default env: "1wyfsP44k3hM3PWMqxeKsaTt7TwuwM4VkPuuauTI9gto"
[7/10/2026, 2:36:45 PM] [fetchRawRows] Extracted sheet ID: "1wyfsP44k3hM3PWMqxeKsaTt7TwuwM4VkPuuauTI9gto"
[7/10/2026, 2:36:46 PM] [fetchRawRows] Successfully fetched 11 rows (including headers) for employee.
[7/10/2026, 2:36:46 PM] [API/employee] Returning 17 headers and 10 rows
[7/10/2026, 2:46:16 PM] [fetchRawRows] Requesting brand sheet. Input: "https://docs.google.com/spreadsheets/d/1Gxw2YSeTHNvOsAyYzK13Z_SeZbatlktNoXyzRjTF-yI/edit?gid=1282987724#gid=1282987724", Default env: "1Gxw2YSeTHNvOsAyYzK13Z_SeZbatlktNoXyzRjTF-yI"
[7/10/2026, 2:46:16 PM] [fetchRawRows] Extracted sheet ID: "1Gxw2YSeTHNvOsAyYzK13Z_SeZbatlktNoXyzRjTF-yI"
[7/10/2026, 2:46:17 PM] [fetchRawRows] Successfully fetched 114 rows (including headers) for brand.
[7/10/2026, 2:46:17 PM] [API/brand] Returning 20 headers and 113 rows
[7/10/2026, 2:46:17 PM] [fetchRawRows] Requesting brand sheet. Input: "https://docs.google.com/spreadsheets/d/1Gxw2YSeTHNvOsAyYzK13Z_SeZbatlktNoXyzRjTF-yI/edit?gid=1282987724#gid=1282987724", Default env: "1Gxw2YSeTHNvOsAyYzK13Z_SeZbatlktNoXyzRjTF-yI"
[7/10/2026, 2:46:17 PM] [fetchRawRows] Extracted sheet ID: "1Gxw2YSeTHNvOsAyYzK13Z_SeZbatlktNoXyzRjTF-yI"
[7/10/2026, 2:46:18 PM] [fetchRawRows] Successfully fetched 114 rows (including headers) for brand.
[7/10/2026, 2:46:18 PM] [API/brand] Returning 20 headers and 113 rows
[7/10/2026, 2:51:53 PM] [fetchRawRows] Requesting brand sheet. Input: "https://docs.google.com/spreadsheets/d/1Gxw2YSeTHNvOsAyYzK13Z_SeZbatlktNoXyzRjTF-yI/edit?gid=1282987724#gid=1282987724", Default env: "1Gxw2YSeTHNvOsAyYzK13Z_SeZbatlktNoXyzRjTF-yI"
[7/10/2026, 2:51:53 PM] [fetchRawRows] Extracted sheet ID: "1Gxw2YSeTHNvOsAyYzK13Z_SeZbatlktNoXyzRjTF-yI"
[7/10/2026, 2:51:55 PM] [fetchRawRows] Successfully fetched 114 rows (including headers) for brand.
[7/10/2026, 2:51:55 PM] [API/brand] Returning 20 headers and 113 rows
[7/10/2026, 2:52:49 PM] [fetchRawRows] Requesting employee sheet. Input: "https://docs.google.com/spreadsheets/d/1wyfsP44k3hM3PWMqxeKsaTt7TwuwM4VkPuuauTI9gto/edit?gid=1508099045#gid=1508099045", Default env: "1wyfsP44k3hM3PWMqxeKsaTt7TwuwM4VkPuuauTI9gto"
[7/10/2026, 2:52:49 PM] [fetchRawRows] Extracted sheet ID: "1wyfsP44k3hM3PWMqxeKsaTt7TwuwM4VkPuuauTI9gto"
[7/10/2026, 2:52:50 PM] [fetchRawRows] Successfully fetched 11 rows (including headers) for employee.
[7/10/2026, 2:52:50 PM] [API/employee] Returning 17 headers and 10 rows
[7/10/2026, 2:52:50 PM] [fetchRawRows] Requesting employee sheet. Input: "https://docs.google.com/spreadsheets/d/1wyfsP44k3hM3PWMqxeKsaTt7TwuwM4VkPuuauTI9gto/edit?gid=1508099045#gid=1508099045", Default env: "1wyfsP44k3hM3PWMqxeKsaTt7TwuwM4VkPuuauTI9gto"
[7/10/2026, 2:52:50 PM] [fetchRawRows] Extracted sheet ID: "1wyfsP44k3hM3PWMqxeKsaTt7TwuwM4VkPuuauTI9gto"
[7/10/2026, 2:52:51 PM] [fetchRawRows] Successfully fetched 11 rows (including headers) for employee.
[7/10/2026, 2:52:51 PM] [API/employee] Returning 17 headers and 10 rows
[7/10/2026, 2:59:35 PM] [fetchRawRows] Requesting employee sheet. Input: "https://docs.google.com/spreadsheets/d/1wyfsP44k3hM3PWMqxeKsaTt7TwuwM4VkPuuauTI9gto/edit?gid=1508099045#gid=1508099045", Default env: "1wyfsP44k3hM3PWMqxeKsaTt7TwuwM4VkPuuauTI9gto"
[7/10/2026, 2:59:35 PM] [fetchRawRows] Extracted sheet ID: "1wyfsP44k3hM3PWMqxeKsaTt7TwuwM4VkPuuauTI9gto"
[7/10/2026, 2:59:36 PM] [fetchRawRows] Successfully fetched 11 rows (including headers) for employee.
[7/10/2026, 2:59:36 PM] [API/employee] Returning 17 headers and 10 rows
[7/10/2026, 4:34:11 PM] [fetchRawRows] Requesting employee sheet. Input: "https://docs.google.com/spreadsheets/d/1wyfsP44k3hM3PWMqxeKsaTt7TwuwM4VkPuuauTI9gto/edit?gid=1508099045#gid=1508099045", Default env: "1wyfsP44k3hM3PWMqxeKsaTt7TwuwM4VkPuuauTI9gto"
[7/10/2026, 4:34:11 PM] [fetchRawRows] Extracted sheet ID: "1wyfsP44k3hM3PWMqxeKsaTt7TwuwM4VkPuuauTI9gto"
[7/10/2026, 4:34:12 PM] [fetchRawRows] Successfully fetched 11 rows (including headers) for employee.
[7/10/2026, 4:34:12 PM] [API/employee] Returning 17 headers and 10 rows
[7/10/2026, 4:34:12 PM] [fetchRawRows] Requesting employee sheet. Input: "https://docs.google.com/spreadsheets/d/1wyfsP44k3hM3PWMqxeKsaTt7TwuwM4VkPuuauTI9gto/edit?gid=1508099045#gid=1508099045", Default env: "1wyfsP44k3hM3PWMqxeKsaTt7TwuwM4VkPuuauTI9gto"
[7/10/2026, 4:34:12 PM] [fetchRawRows] Extracted sheet ID: "1wyfsP44k3hM3PWMqxeKsaTt7TwuwM4VkPuuauTI9gto"
[7/10/2026, 4:34:13 PM] [fetchRawRows] Successfully fetched 11 rows (including headers) for employee.
[7/10/2026, 4:34:13 PM] [API/employee] Returning 17 headers and 10 rows
[7/10/2026, 6:02:29 PM] [fetchRawRows] Requesting employee sheet. Input: "https://docs.google.com/spreadsheets/d/1wyfsP44k3hM3PWMqxeKsaTt7TwuwM4VkPuuauTI9gto/edit?gid=1508099045#gid=1508099045", Default env: "1wyfsP44k3hM3PWMqxeKsaTt7TwuwM4VkPuuauTI9gto"
[7/10/2026, 6:02:29 PM] [fetchRawRows] Extracted sheet ID: "1wyfsP44k3hM3PWMqxeKsaTt7TwuwM4VkPuuauTI9gto"
[7/10/2026, 6:02:31 PM] [fetchRawRows] Successfully fetched 11 rows (including headers) for employee.
[7/10/2026, 6:02:31 PM] [API/employee] Returning 17 headers and 10 rows
[7/10/2026, 6:02:31 PM] [fetchRawRows] Requesting employee sheet. Input: "https://docs.google.com/spreadsheets/d/1wyfsP44k3hM3PWMqxeKsaTt7TwuwM4VkPuuauTI9gto/edit?gid=1508099045#gid=1508099045", Default env: "1wyfsP44k3hM3PWMqxeKsaTt7TwuwM4VkPuuauTI9gto"
[7/10/2026, 6:02:31 PM] [fetchRawRows] Extracted sheet ID: "1wyfsP44k3hM3PWMqxeKsaTt7TwuwM4VkPuuauTI9gto"
[7/10/2026, 6:02:32 PM] [fetchRawRows] Successfully fetched 11 rows (including headers) for employee.
[7/10/2026, 6:02:32 PM] [API/employee] Returning 17 headers and 10 rows
[7/10/2026, 6:03:17 PM] [fetchRawRows] Requesting employee sheet. Input: "https://docs.google.com/spreadsheets/d/1wyfsP44k3hM3PWMqxeKsaTt7TwuwM4VkPuuauTI9gto/edit?gid=1508099045#gid=1508099045", Default env: "1wyfsP44k3hM3PWMqxeKsaTt7TwuwM4VkPuuauTI9gto"
[7/10/2026, 6:03:17 PM] [fetchRawRows] Extracted sheet ID: "1wyfsP44k3hM3PWMqxeKsaTt7TwuwM4VkPuuauTI9gto"
[7/10/2026, 6:03:18 PM] [fetchRawRows] Successfully fetched 11 rows (including headers) for employee.
[7/10/2026, 6:03:18 PM] [API/employee] Returning 17 headers and 10 rows
[7/10/2026, 6:05:31 PM] [fetchRawRows] Requesting employee sheet. Input: "https://docs.google.com/spreadsheets/d/1wyfsP44k3hM3PWMqxeKsaTt7TwuwM4VkPuuauTI9gto/edit?gid=1508099045#gid=1508099045", Default env: "1wyfsP44k3hM3PWMqxeKsaTt7TwuwM4VkPuuauTI9gto"
[7/10/2026, 6:05:31 PM] [fetchRawRows] Extracted sheet ID: "1wyfsP44k3hM3PWMqxeKsaTt7TwuwM4VkPuuauTI9gto"
[7/10/2026, 6:05:32 PM] [fetchRawRows] Successfully fetched 11 rows (including headers) for employee.
[7/10/2026, 6:05:32 PM] [API/employee] Returning 17 headers and 10 rows
[7/10/2026, 6:13:22 PM] [fetchRawRows] Requesting employee sheet. Input: "https://docs.google.com/spreadsheets/d/1wyfsP44k3hM3PWMqxeKsaTt7TwuwM4VkPuuauTI9gto/edit?gid=1508099045#gid=1508099045", Default env: "1wyfsP44k3hM3PWMqxeKsaTt7TwuwM4VkPuuauTI9gto"
[7/10/2026, 6:13:22 PM] [fetchRawRows] Extracted sheet ID: "1wyfsP44k3hM3PWMqxeKsaTt7TwuwM4VkPuuauTI9gto"
[7/10/2026, 6:13:23 PM] [fetchRawRows] Successfully fetched 11 rows (including headers) for employee.
[7/10/2026, 6:13:23 PM] [API/employee] Returning 17 headers and 10 rows
[7/10/2026, 6:17:18 PM] [fetchRawRows] Requesting employee sheet. Input: "https://docs.google.com/spreadsheets/d/1wyfsP44k3hM3PWMqxeKsaTt7TwuwM4VkPuuauTI9gto/edit?gid=1508099045#gid=1508099045", Default env: "1wyfsP44k3hM3PWMqxeKsaTt7TwuwM4VkPuuauTI9gto"
[7/10/2026, 6:17:18 PM] [fetchRawRows] Extracted sheet ID: "1wyfsP44k3hM3PWMqxeKsaTt7TwuwM4VkPuuauTI9gto"
[7/10/2026, 6:17:19 PM] [fetchRawRows] Successfully fetched 11 rows (including headers) for employee.
[7/10/2026, 6:17:19 PM] [API/employee] Returning 17 headers and 10 rows
[7/10/2026, 6:18:27 PM] [fetchRawRows] Requesting brand sheet. Input: "https://docs.google.com/spreadsheets/d/1Gxw2YSeTHNvOsAyYzK13Z_SeZbatlktNoXyzRjTF-yI/edit?gid=1282987724#gid=1282987724", Default env: "1Gxw2YSeTHNvOsAyYzK13Z_SeZbatlktNoXyzRjTF-yI"
[7/10/2026, 6:18:27 PM] [fetchRawRows] Extracted sheet ID: "1Gxw2YSeTHNvOsAyYzK13Z_SeZbatlktNoXyzRjTF-yI"
[7/10/2026, 6:18:28 PM] [fetchRawRows] Successfully fetched 114 rows (including headers) for brand.
[7/10/2026, 6:18:28 PM] [API/brand] Returning 20 headers and 113 rows
[7/10/2026, 6:18:29 PM] [fetchRawRows] Requesting brand sheet. Input: "https://docs.google.com/spreadsheets/d/1Gxw2YSeTHNvOsAyYzK13Z_SeZbatlktNoXyzRjTF-yI/edit?gid=1282987724#gid=1282987724", Default env: "1Gxw2YSeTHNvOsAyYzK13Z_SeZbatlktNoXyzRjTF-yI"
[7/10/2026, 6:18:29 PM] [fetchRawRows] Extracted sheet ID: "1Gxw2YSeTHNvOsAyYzK13Z_SeZbatlktNoXyzRjTF-yI"
[7/10/2026, 6:18:30 PM] [fetchRawRows] Successfully fetched 114 rows (including headers) for brand.
[7/10/2026, 6:18:30 PM] [API/brand] Returning 20 headers and 113 rows
[7/10/2026, 6:21:13 PM] [fetchRawRows] Requesting employee sheet. Input: "https://docs.google.com/spreadsheets/d/1wyfsP44k3hM3PWMqxeKsaTt7TwuwM4VkPuuauTI9gto/edit?gid=1508099045#gid=1508099045", Default env: "1wyfsP44k3hM3PWMqxeKsaTt7TwuwM4VkPuuauTI9gto"
[7/10/2026, 6:21:13 PM] [fetchRawRows] Extracted sheet ID: "1wyfsP44k3hM3PWMqxeKsaTt7TwuwM4VkPuuauTI9gto"
[7/10/2026, 6:21:14 PM] [fetchRawRows] Successfully fetched 11 rows (including headers) for employee.
[7/10/2026, 6:21:14 PM] [API/employee] Returning 17 headers and 10 rows
[7/10/2026, 6:21:14 PM] [fetchRawRows] Requesting employee sheet. Input: "https://docs.google.com/spreadsheets/d/1wyfsP44k3hM3PWMqxeKsaTt7TwuwM4VkPuuauTI9gto/edit?gid=1508099045#gid=1508099045", Default env: "1wyfsP44k3hM3PWMqxeKsaTt7TwuwM4VkPuuauTI9gto"
[7/10/2026, 6:21:14 PM] [fetchRawRows] Extracted sheet ID: "1wyfsP44k3hM3PWMqxeKsaTt7TwuwM4VkPuuauTI9gto"
[7/10/2026, 6:21:16 PM] [fetchRawRows] Successfully fetched 11 rows (including headers) for employee.
[7/10/2026, 6:21:16 PM] [API/employee] Returning 17 headers and 10 rows
[7/10/2026, 6:29:25 PM] [fetchRawRows] Requesting employee sheet. Input: "https://docs.google.com/spreadsheets/d/1wyfsP44k3hM3PWMqxeKsaTt7TwuwM4VkPuuauTI9gto/edit?gid=1508099045#gid=1508099045", Default env: "1wyfsP44k3hM3PWMqxeKsaTt7TwuwM4VkPuuauTI9gto"
[7/10/2026, 6:29:25 PM] [fetchRawRows] Extracted sheet ID: "1wyfsP44k3hM3PWMqxeKsaTt7TwuwM4VkPuuauTI9gto"
[7/10/2026, 6:29:26 PM] [fetchRawRows] Successfully fetched 11 rows (including headers) for employee.
[7/10/2026, 6:29:26 PM] [API/employee] Returning 17 headers and 10 rows
[7/10/2026, 6:46:49 PM] [fetchRawRows] Requesting employee sheet. Input: "https://docs.google.com/spreadsheets/d/1wyfsP44k3hM3PWMqxeKsaTt7TwuwM4VkPuuauTI9gto/edit?gid=1508099045#gid=1508099045", Default env: "1wyfsP44k3hM3PWMqxeKsaTt7TwuwM4VkPuuauTI9gto"
[7/10/2026, 6:46:49 PM] [fetchRawRows] Extracted sheet ID: "1wyfsP44k3hM3PWMqxeKsaTt7TwuwM4VkPuuauTI9gto"
[7/10/2026, 6:46:50 PM] [fetchRawRows] Successfully fetched 11 rows (including headers) for employee.
[7/10/2026, 6:46:50 PM] [API/employee] Returning 17 headers and 10 rows
[7/13/2026, 10:40:12 AM] [fetchRawRows] Requesting employee sheet. Input: "", Default env: "1wyfsP44k3hM3PWMqxeKsaTt7TwuwM4VkPuuauTI9gto"
[7/13/2026, 10:40:12 AM] [fetchRawRows] Extracted sheet ID: "1wyfsP44k3hM3PWMqxeKsaTt7TwuwM4VkPuuauTI9gto"
[7/13/2026, 10:40:14 AM] [fetchRawRows] Successfully fetched 13 rows (including headers) for employee.
[7/13/2026, 10:40:14 AM] [API/employee] Returning 17 headers and 12 rows
[7/13/2026, 10:40:14 AM] [fetchRawRows] Requesting employee sheet. Input: "", Default env: "1wyfsP44k3hM3PWMqxeKsaTt7TwuwM4VkPuuauTI9gto"
[7/13/2026, 10:40:14 AM] [fetchRawRows] Extracted sheet ID: "1wyfsP44k3hM3PWMqxeKsaTt7TwuwM4VkPuuauTI9gto"
[7/13/2026, 10:40:14 AM] [fetchRawRows] Requesting brand sheet. Input: "", Default env: "1Gxw2YSeTHNvOsAyYzK13Z_SeZbatlktNoXyzRjTF-yI"
[7/13/2026, 10:40:14 AM] [fetchRawRows] Extracted sheet ID: "1Gxw2YSeTHNvOsAyYzK13Z_SeZbatlktNoXyzRjTF-yI"
[7/13/2026, 10:40:15 AM] [fetchRawRows] Successfully fetched 13 rows (including headers) for employee.
[7/13/2026, 10:40:15 AM] [API/employee] Returning 17 headers and 12 rows
[7/13/2026, 10:40:16 AM] [fetchRawRows] Successfully fetched 114 rows (including headers) for brand.
[7/13/2026, 10:40:16 AM] [API/brand] Returning 20 headers and 113 rows
[7/13/2026, 10:40:16 AM] [fetchRawRows] Requesting brand sheet. Input: "", Default env: "1Gxw2YSeTHNvOsAyYzK13Z_SeZbatlktNoXyzRjTF-yI"
[7/13/2026, 10:40:16 AM] [fetchRawRows] Extracted sheet ID: "1Gxw2YSeTHNvOsAyYzK13Z_SeZbatlktNoXyzRjTF-yI"
[7/13/2026, 10:40:17 AM] [fetchRawRows] Successfully fetched 114 rows (including headers) for brand.
[7/13/2026, 10:40:17 AM] [API/brand] Returning 20 headers and 113 rows
[7/13/2026, 2:54:08 PM] [fetchRawRows] Requesting employee sheet. Input: "", Default env: "1wyfsP44k3hM3PWMqxeKsaTt7TwuwM4VkPuuauTI9gto"
[7/13/2026, 2:54:08 PM] [fetchRawRows] Extracted sheet ID: "1wyfsP44k3hM3PWMqxeKsaTt7TwuwM4VkPuuauTI9gto"
[7/13/2026, 2:54:11 PM] [fetchRawRows] Successfully fetched 14 rows (including headers) for employee.
[7/13/2026, 2:54:11 PM] [API/employee] Returning 17 headers and 13 rows
[7/13/2026, 2:54:11 PM] [fetchRawRows] Requesting employee sheet. Input: "", Default env: "1wyfsP44k3hM3PWMqxeKsaTt7TwuwM4VkPuuauTI9gto"
[7/13/2026, 2:54:11 PM] [fetchRawRows] Extracted sheet ID: "1wyfsP44k3hM3PWMqxeKsaTt7TwuwM4VkPuuauTI9gto"
[7/13/2026, 2:54:12 PM] [fetchRawRows] Successfully fetched 14 rows (including headers) for employee.
[7/13/2026, 2:54:12 PM] [API/employee] Returning 17 headers and 13 rows
[7/13/2026, 3:57:14 PM] [fetchRawRows] Requesting brand sheet. Input: "https://docs.google.com/spreadsheets/d/1Gxw2YSeTHNvOsAyYzK13Z_SeZbatlktNoXyzRjTF-yI/edit?gid=1282987724#gid=1282987724", Default env: "1Gxw2YSeTHNvOsAyYzK13Z_SeZbatlktNoXyzRjTF-yI"
[7/13/2026, 3:57:14 PM] [fetchRawRows] Extracted sheet ID: "1Gxw2YSeTHNvOsAyYzK13Z_SeZbatlktNoXyzRjTF-yI"
[7/13/2026, 3:57:17 PM] [fetchRawRows] Successfully fetched 114 rows (including headers) for brand.
[7/13/2026, 3:57:17 PM] [API/brand] Returning 20 headers and 113 rows
[7/13/2026, 3:57:18 PM] [fetchRawRows] Requesting brand sheet. Input: "https://docs.google.com/spreadsheets/d/1Gxw2YSeTHNvOsAyYzK13Z_SeZbatlktNoXyzRjTF-yI/edit?gid=1282987724#gid=1282987724", Default env: "1Gxw2YSeTHNvOsAyYzK13Z_SeZbatlktNoXyzRjTF-yI"
[7/13/2026, 3:57:18 PM] [fetchRawRows] Extracted sheet ID: "1Gxw2YSeTHNvOsAyYzK13Z_SeZbatlktNoXyzRjTF-yI"
[7/13/2026, 3:57:21 PM] [fetchRawRows] Requesting employee sheet. Input: "https://docs.google.com/spreadsheets/d/1wyfsP44k3hM3PWMqxeKsaTt7TwuwM4VkPuuauTI9gto/edit?gid=1508099045#gid=1508099045", Default env: "1wyfsP44k3hM3PWMqxeKsaTt7TwuwM4VkPuuauTI9gto"
[7/13/2026, 3:57:21 PM] [fetchRawRows] Extracted sheet ID: "1wyfsP44k3hM3PWMqxeKsaTt7TwuwM4VkPuuauTI9gto"
[7/13/2026, 3:57:21 PM] [fetchRawRows] Successfully fetched 114 rows (including headers) for brand.
[7/13/2026, 3:57:21 PM] [API/brand] Returning 20 headers and 113 rows
[7/13/2026, 3:57:22 PM] [fetchRawRows] Successfully fetched 14 rows (including headers) for employee.
[7/13/2026, 3:57:22 PM] [API/employee] Returning 17 headers and 13 rows
[7/13/2026, 3:57:23 PM] [fetchRawRows] Requesting employee sheet. Input: "https://docs.google.com/spreadsheets/d/1wyfsP44k3hM3PWMqxeKsaTt7TwuwM4VkPuuauTI9gto/edit?gid=1508099045#gid=1508099045", Default env: "1wyfsP44k3hM3PWMqxeKsaTt7TwuwM4VkPuuauTI9gto"
[7/13/2026, 3:57:23 PM] [fetchRawRows] Extracted sheet ID: "1wyfsP44k3hM3PWMqxeKsaTt7TwuwM4VkPuuauTI9gto"
[7/13/2026, 3:57:24 PM] [fetchRawRows] Successfully fetched 14 rows (including headers) for employee.
[7/13/2026, 3:57:24 PM] [API/employee] Returning 17 headers and 13 rows
[7/13/2026, 3:57:25 PM] [fetchRawRows] Requesting employee sheet. Input: "", Default env: "1wyfsP44k3hM3PWMqxeKsaTt7TwuwM4VkPuuauTI9gto"
[7/13/2026, 3:57:25 PM] [fetchRawRows] Extracted sheet ID: "1wyfsP44k3hM3PWMqxeKsaTt7TwuwM4VkPuuauTI9gto"
[7/13/2026, 3:57:26 PM] [fetchRawRows] Successfully fetched 14 rows (including headers) for employee.
[7/13/2026, 3:57:26 PM] [API/employee] Returning 17 headers and 13 rows
[7/13/2026, 3:57:46 PM] [fetchRawRows] Requesting employee sheet. Input: "", Default env: "1wyfsP44k3hM3PWMqxeKsaTt7TwuwM4VkPuuauTI9gto"
[7/13/2026, 3:57:47 PM] [fetchRawRows] Extracted sheet ID: "1wyfsP44k3hM3PWMqxeKsaTt7TwuwM4VkPuuauTI9gto"
[7/13/2026, 3:57:48 PM] [fetchRawRows] Successfully fetched 14 rows (including headers) for employee.
[7/13/2026, 3:57:48 PM] [API/employee] Returning 17 headers and 13 rows
[7/13/2026, 3:57:48 PM] [fetchRawRows] Requesting employee sheet. Input: "", Default env: "1wyfsP44k3hM3PWMqxeKsaTt7TwuwM4VkPuuauTI9gto"
[7/13/2026, 3:57:48 PM] [fetchRawRows] Extracted sheet ID: "1wyfsP44k3hM3PWMqxeKsaTt7TwuwM4VkPuuauTI9gto"
[7/13/2026, 3:57:49 PM] [fetchRawRows] Successfully fetched 14 rows (including headers) for employee.
[7/13/2026, 3:57:49 PM] [API/employee] Returning 17 headers and 13 rows
[7/13/2026, 3:57:50 PM] [fetchRawRows] Requesting brand sheet. Input: "", Default env: "1Gxw2YSeTHNvOsAyYzK13Z_SeZbatlktNoXyzRjTF-yI"
[7/13/2026, 3:57:50 PM] [fetchRawRows] Extracted sheet ID: "1Gxw2YSeTHNvOsAyYzK13Z_SeZbatlktNoXyzRjTF-yI"
[7/13/2026, 3:57:51 PM] [fetchRawRows] Successfully fetched 114 rows (including headers) for brand.
[7/13/2026, 3:57:51 PM] [API/brand] Returning 20 headers and 113 rows
[7/13/2026, 3:57:52 PM] [fetchRawRows] Requesting brand sheet. Input: "", Default env: "1Gxw2YSeTHNvOsAyYzK13Z_SeZbatlktNoXyzRjTF-yI"
[7/13/2026, 3:57:52 PM] [fetchRawRows] Extracted sheet ID: "1Gxw2YSeTHNvOsAyYzK13Z_SeZbatlktNoXyzRjTF-yI"
[7/13/2026, 3:57:53 PM] [fetchRawRows] Successfully fetched 114 rows (including headers) for brand.
[7/13/2026, 3:57:53 PM] [API/brand] Returning 20 headers and 113 rows
[7/13/2026, 3:59:18 PM] [fetchRawRows] Requesting employee sheet. Input: "", Default env: "1wyfsP44k3hM3PWMqxeKsaTt7TwuwM4VkPuuauTI9gto"
[7/13/2026, 3:59:18 PM] [fetchRawRows] Extracted sheet ID: "1wyfsP44k3hM3PWMqxeKsaTt7TwuwM4VkPuuauTI9gto"
[7/13/2026, 3:59:19 PM] [fetchRawRows] Successfully fetched 14 rows (including headers) for employee.
[7/13/2026, 3:59:19 PM] [API/employee] Returning 17 headers and 13 rows
[7/13/2026, 5:24:56 PM] [fetchRawRows] Requesting brand sheet. Input: "", Default env: ""
[7/13/2026, 5:25:11 PM] [fetchRawRows] Requesting brand sheet. Input: "", Default env: ""
[7/13/2026, 5:25:19 PM] [fetchRawRows] Requesting employee sheet. Input: "https://docs.google.com/spreadsheets/d/1wyfsP44k3hM3PWMqxeKsaTt7TwuwM4VkPuuauTI9gto/edit?gid=1508099045#gid=1508099045", Default env: ""
[7/13/2026, 5:25:19 PM] [fetchRawRows] Extracted sheet ID: "1wyfsP44k3hM3PWMqxeKsaTt7TwuwM4VkPuuauTI9gto"
[7/13/2026, 5:25:20 PM] [fetchRawRows] Successfully fetched 14 rows (including headers) for employee.
[7/13/2026, 5:25:20 PM] [API/employee] Returning 17 headers and 13 rows
[7/13/2026, 5:27:00 PM] [fetchRawRows] Requesting employee sheet. Input: "https://docs.google.com/spreadsheets/d/1wyfsP44k3hM3PWMqxeKsaTt7TwuwM4VkPuuauTI9gto/edit?gid=1508099045#gid=1508099045", Default env: ""
[7/13/2026, 5:27:00 PM] [fetchRawRows] Extracted sheet ID: "1wyfsP44k3hM3PWMqxeKsaTt7TwuwM4VkPuuauTI9gto"
[7/13/2026, 5:27:02 PM] [fetchRawRows] Successfully fetched 14 rows (including headers) for employee.
[7/13/2026, 5:27:02 PM] [API/employee] Returning 17 headers and 13 rows
[7/13/2026, 5:30:34 PM] [fetchRawRows] Requesting certificate sheet. Input: "", Default env: ""
[7/13/2026, 5:30:35 PM] [fetchRawRows] Requesting certificate sheet. Input: "", Default env: ""
[7/13/2026, 5:34:07 PM] [fetchRawRows] Requesting certificate sheet. Input: "", Default env: ""
[7/13/2026, 5:34:09 PM] [fetchRawRows] Requesting certificate sheet. Input: "", Default env: ""
[7/13/2026, 5:34:29 PM] [fetchRawRows] Requesting certificate sheet. Input: "", Default env: ""
[7/13/2026, 5:34:29 PM] [fetchRawRows] Requesting certificate sheet. Input: "", Default env: ""
[7/13/2026, 5:34:39 PM] [fetchRawRows] Requesting certificate sheet. Input: "", Default env: ""
[7/13/2026, 5:34:40 PM] [fetchRawRows] Requesting certificate sheet. Input: "", Default env: ""
[7/13/2026, 5:35:07 PM] [fetchRawRows] Requesting certificate sheet. Input: "", Default env: ""
[7/13/2026, 5:35:27 PM] [fetchRawRows] Requesting employee sheet. Input: "", Default env: ""
[7/13/2026, 5:35:27 PM] [fetchRawRows] Requesting employee sheet. Input: "", Default env: ""
[7/13/2026, 5:37:26 PM] [fetchRawRows] Requesting employee sheet. Input: "", Default env: "1wyfsP44k3hM3PWMqxeKsaTt7TwuwM4VkPuuauTI9gto"
[7/13/2026, 5:37:26 PM] [fetchRawRows] Extracted sheet ID: "1wyfsP44k3hM3PWMqxeKsaTt7TwuwM4VkPuuauTI9gto"
[7/13/2026, 5:37:26 PM] [fetchRawRows] Requesting certificate sheet. Input: "", Default env: "1_T1FNjR07-t03vgo138ZI-QJCEu9vbsqbOZQkkf_tYA"
[7/13/2026, 5:37:26 PM] [fetchRawRows] Extracted sheet ID: "1_T1FNjR07-t03vgo138ZI-QJCEu9vbsqbOZQkkf_tYA"
[7/13/2026, 5:37:28 PM] [fetchRawRows] Successfully fetched 14 rows (including headers) for employee.
[7/13/2026, 5:37:28 PM] [API/employee] Returning 17 headers and 13 rows
[7/13/2026, 5:52:48 PM] [fetchRawRows] Requesting certificate sheet. Input: "", Default env: "1_T1FNjR07-t03vgo138ZI-QJCEu9vbsqbOZQkkf_tYA"
[7/13/2026, 5:52:48 PM] [fetchRawRows] Extracted sheet ID: "1_T1FNjR07-t03vgo138ZI-QJCEu9vbsqbOZQkkf_tYA"
[7/13/2026, 5:52:50 PM] [fetchRawRows] Requesting certificate sheet. Input: "", Default env: "1_T1FNjR07-t03vgo138ZI-QJCEu9vbsqbOZQkkf_tYA"
[7/13/2026, 5:52:50 PM] [fetchRawRows] Extracted sheet ID: "1_T1FNjR07-t03vgo138ZI-QJCEu9vbsqbOZQkkf_tYA"
[7/13/2026, 6:56:01 PM] [fetchRawRows] Requesting certificate sheet. Input: "", Default env: "1_T1FNjR07-t03vgo138ZI-QJCEu9vbsqbOZQkkf_tYA"
[7/13/2026, 6:56:01 PM] [fetchRawRows] Extracted sheet ID: "1_T1FNjR07-t03vgo138ZI-QJCEu9vbsqbOZQkkf_tYA"
[7/13/2026, 6:56:02 PM] [fetchRawRows] Requesting certificate sheet. Input: "", Default env: "1_T1FNjR07-t03vgo138ZI-QJCEu9vbsqbOZQkkf_tYA"
[7/13/2026, 6:56:02 PM] [fetchRawRows] Extracted sheet ID: "1_T1FNjR07-t03vgo138ZI-QJCEu9vbsqbOZQkkf_tYA"
[7/13/2026, 8:12:30 PM] [fetchRawRows] Requesting employee sheet. Input: "", Default env: "1wyfsP44k3hM3PWMqxeKsaTt7TwuwM4VkPuuauTI9gto"
[7/13/2026, 8:12:30 PM] [fetchRawRows] Extracted sheet ID: "1wyfsP44k3hM3PWMqxeKsaTt7TwuwM4VkPuuauTI9gto"
[7/13/2026, 8:12:32 PM] [fetchRawRows] [CERTIFICATE] Loaded sheet. SheetID=1wyfsP44... Mode=PUBLIC, Rows=14
[7/13/2026, 8:12:32 PM] [API/employee] Returning 17 headers and 13 rows
[7/13/2026, 8:12:56 PM] [fetchRawRows] Requesting employee sheet. Input: "", Default env: "1wyfsP44k3hM3PWMqxeKsaTt7TwuwM4VkPuuauTI9gto"
[7/13/2026, 8:12:56 PM] [fetchRawRows] Extracted sheet ID: "1wyfsP44k3hM3PWMqxeKsaTt7TwuwM4VkPuuauTI9gto"
[7/13/2026, 8:12:58 PM] [fetchRawRows] [CERTIFICATE] Loaded sheet. SheetID=1wyfsP44... Mode=PUBLIC, Rows=14
[7/13/2026, 8:12:58 PM] [API/employee] Returning 17 headers and 13 rows
[7/13/2026, 8:13:01 PM] [fetchRawRows] Requesting certificate sheet. Input: "", Default env: "1_T1FNjR07-t03vgo138ZI-QJCEu9vbsqbOZQkkf_tYA"
[7/13/2026, 8:13:01 PM] [fetchRawRows] Extracted sheet ID: "1_T1FNjR07-t03vgo138ZI-QJCEu9vbsqbOZQkkf_tYA"
[7/13/2026, 8:13:02 PM] [fetchRawRows] Requesting certificate sheet. Input: "", Default env: "1_T1FNjR07-t03vgo138ZI-QJCEu9vbsqbOZQkkf_tYA"
[7/13/2026, 8:13:02 PM] [fetchRawRows] Extracted sheet ID: "1_T1FNjR07-t03vgo138ZI-QJCEu9vbsqbOZQkkf_tYA"
[7/13/2026, 8:13:06 PM] [fetchRawRows] Requesting certificate sheet. Input: "", Default env: "1_T1FNjR07-t03vgo138ZI-QJCEu9vbsqbOZQkkf_tYA"
[7/13/2026, 8:13:06 PM] [fetchRawRows] Extracted sheet ID: "1_T1FNjR07-t03vgo138ZI-QJCEu9vbsqbOZQkkf_tYA"
[7/13/2026, 8:13:06 PM] [fetchRawRows] [CERTIFICATE] Force refreshing cache for sheet 1_T1FNjR...
[7/13/2026, 8:13:07 PM] [fetchRawRows] Requesting certificate sheet. Input: "", Default env: "1_T1FNjR07-t03vgo138ZI-QJCEu9vbsqbOZQkkf_tYA"
[7/13/2026, 8:13:07 PM] [fetchRawRows] Extracted sheet ID: "1_T1FNjR07-t03vgo138ZI-QJCEu9vbsqbOZQkkf_tYA"
[7/13/2026, 8:13:07 PM] [fetchRawRows] [CERTIFICATE] Force refreshing cache for sheet 1_T1FNjR...
[7/13/2026, 8:13:08 PM] [fetchRawRows] Requesting certificate sheet. Input: "", Default env: "1_T1FNjR07-t03vgo138ZI-QJCEu9vbsqbOZQkkf_tYA"
[7/13/2026, 8:13:08 PM] [fetchRawRows] Extracted sheet ID: "1_T1FNjR07-t03vgo138ZI-QJCEu9vbsqbOZQkkf_tYA"
[7/13/2026, 8:13:08 PM] [fetchRawRows] [CERTIFICATE] Force refreshing cache for sheet 1_T1FNjR...
[7/13/2026, 8:13:08 PM] [fetchRawRows] Requesting certificate sheet. Input: "", Default env: "1_T1FNjR07-t03vgo138ZI-QJCEu9vbsqbOZQkkf_tYA"
[7/13/2026, 8:13:08 PM] [fetchRawRows] Extracted sheet ID: "1_T1FNjR07-t03vgo138ZI-QJCEu9vbsqbOZQkkf_tYA"
[7/13/2026, 8:13:08 PM] [fetchRawRows] [CERTIFICATE] Force refreshing cache for sheet 1_T1FNjR...
[7/13/2026, 8:13:09 PM] [fetchRawRows] Requesting certificate sheet. Input: "", Default env: "1_T1FNjR07-t03vgo138ZI-QJCEu9vbsqbOZQkkf_tYA"
[7/13/2026, 8:13:09 PM] [fetchRawRows] Extracted sheet ID: "1_T1FNjR07-t03vgo138ZI-QJCEu9vbsqbOZQkkf_tYA"
[7/13/2026, 8:13:09 PM] [fetchRawRows] [CERTIFICATE] Force refreshing cache for sheet 1_T1FNjR...
[7/13/2026, 8:13:10 PM] [fetchRawRows] Requesting certificate sheet. Input: "", Default env: "1_T1FNjR07-t03vgo138ZI-QJCEu9vbsqbOZQkkf_tYA"
[7/13/2026, 8:13:10 PM] [fetchRawRows] Extracted sheet ID: "1_T1FNjR07-t03vgo138ZI-QJCEu9vbsqbOZQkkf_tYA"
[7/13/2026, 8:13:10 PM] [fetchRawRows] [CERTIFICATE] Force refreshing cache for sheet 1_T1FNjR...
[7/13/2026, 8:13:10 PM] [fetchRawRows] Requesting certificate sheet. Input: "", Default env: "1_T1FNjR07-t03vgo138ZI-QJCEu9vbsqbOZQkkf_tYA"
[7/13/2026, 8:13:10 PM] [fetchRawRows] Extracted sheet ID: "1_T1FNjR07-t03vgo138ZI-QJCEu9vbsqbOZQkkf_tYA"
[7/13/2026, 8:13:10 PM] [fetchRawRows] [CERTIFICATE] Force refreshing cache for sheet 1_T1FNjR...
[7/13/2026, 8:13:11 PM] [fetchRawRows] Requesting certificate sheet. Input: "", Default env: "1_T1FNjR07-t03vgo138ZI-QJCEu9vbsqbOZQkkf_tYA"
[7/13/2026, 8:13:11 PM] [fetchRawRows] Extracted sheet ID: "1_T1FNjR07-t03vgo138ZI-QJCEu9vbsqbOZQkkf_tYA"
[7/13/2026, 8:13:11 PM] [fetchRawRows] [CERTIFICATE] Force refreshing cache for sheet 1_T1FNjR...
[7/13/2026, 9:37:53 PM] [fetchRawRows] Requesting employee sheet. Input: "https://docs.google.com/spreadsheets/d/1wyfsP44k3hM3PWMqxeKsaTt7TwuwM4VkPuuauTI9gto/edit?gid=1508099045#gid=1508099045", Default env: "1wyfsP44k3hM3PWMqxeKsaTt7TwuwM4VkPuuauTI9gto"
[7/13/2026, 9:37:53 PM] [fetchRawRows] Extracted sheet ID: "1wyfsP44k3hM3PWMqxeKsaTt7TwuwM4VkPuuauTI9gto"
[7/13/2026, 9:37:54 PM] [fetchRawRows] [CERTIFICATE] Loaded sheet. SheetID=1wyfsP44... Mode=PUBLIC, Rows=15
[7/13/2026, 9:37:54 PM] [API/employee] Returning 17 headers and 14 rows
[7/13/2026, 9:37:55 PM] [fetchRawRows] Requesting employee sheet. Input: "https://docs.google.com/spreadsheets/d/1wyfsP44k3hM3PWMqxeKsaTt7TwuwM4VkPuuauTI9gto/edit?gid=1508099045#gid=1508099045", Default env: "1wyfsP44k3hM3PWMqxeKsaTt7TwuwM4VkPuuauTI9gto"
[7/13/2026, 9:37:55 PM] [fetchRawRows] Extracted sheet ID: "1wyfsP44k3hM3PWMqxeKsaTt7TwuwM4VkPuuauTI9gto"
[7/13/2026, 9:37:57 PM] [fetchRawRows] [CERTIFICATE] Loaded sheet. SheetID=1wyfsP44... Mode=PUBLIC, Rows=15
[7/13/2026, 9:37:57 PM] [API/employee] Returning 17 headers and 14 rows
[7/14/2026, 12:26:18 AM] [fetchRawRows] Requesting employee sheet. Input: "https://docs.google.com/spreadsheets/d/1wyfsP44k3hM3PWMqxeKsaTt7TwuwM4VkPuuauTI9gto/edit?gid=1508099045#gid=1508099045", Default env: ""
[7/14/2026, 12:26:18 AM] [fetchRawRows] Extracted sheet ID: "1wyfsP44k3hM3PWMqxeKsaTt7TwuwM4VkPuuauTI9gto"
[7/14/2026, 12:26:19 AM] [fetchRawRows] [CERTIFICATE] Loaded sheet. SheetID=1wyfsP44... Mode=PUBLIC, Rows=15
[7/14/2026, 12:26:19 AM] [API/employee] Returning 17 headers and 14 rows
[7/14/2026, 12:26:25 AM] [fetchRawRows] Requesting certificate sheet. Input: "", Default env: ""
[7/14/2026, 12:26:28 AM] [fetchRawRows] Requesting certificate sheet. Input: "", Default env: ""
[7/14/2026, 12:26:30 AM] [fetchRawRows] Requesting employee sheet. Input: "https://docs.google.com/spreadsheets/d/1wyfsP44k3hM3PWMqxeKsaTt7TwuwM4VkPuuauTI9gto/edit?gid=1508099045#gid=1508099045", Default env: ""
[7/14/2026, 12:26:30 AM] [fetchRawRows] Extracted sheet ID: "1wyfsP44k3hM3PWMqxeKsaTt7TwuwM4VkPuuauTI9gto"
[7/14/2026, 12:26:32 AM] [fetchRawRows] Requesting certificate sheet. Input: "", Default env: ""
[7/14/2026, 12:26:33 AM] [fetchRawRows] Requesting certificate sheet. Input: "", Default env: ""
[7/14/2026, 12:26:33 AM] [fetchRawRows] [CERTIFICATE] Loaded sheet. SheetID=1wyfsP44... Mode=PUBLIC, Rows=15
[7/14/2026, 12:26:33 AM] [API/employee] Returning 17 headers and 14 rows
[7/14/2026, 12:26:33 AM] [fetchRawRows] Requesting employee sheet. Input: "https://docs.google.com/spreadsheets/d/1wyfsP44k3hM3PWMqxeKsaTt7TwuwM4VkPuuauTI9gto/edit?gid=1508099045#gid=1508099045", Default env: ""
[7/14/2026, 12:26:33 AM] [fetchRawRows] Extracted sheet ID: "1wyfsP44k3hM3PWMqxeKsaTt7TwuwM4VkPuuauTI9gto"
[7/14/2026, 12:26:35 AM] [fetchRawRows] [CERTIFICATE] Loaded sheet. SheetID=1wyfsP44... Mode=PUBLIC, Rows=15
[7/14/2026, 12:26:35 AM] [API/employee] Returning 17 headers and 14 rows
[7/14/2026, 12:30:45 AM] [fetchRawRows] Requesting certificate sheet. Input: "", Default env: ""
[7/14/2026, 12:30:46 AM] [fetchRawRows] Requesting certificate sheet. Input: "", Default env: ""
[7/14/2026, 12:30:50 AM] [fetchRawRows] Requesting certificate sheet. Input: "", Default env: ""
[7/14/2026, 12:46:51 AM] [fetchRawRows] Requesting certificate sheet. Input: "", Default env: ""
[7/14/2026, 12:46:55 AM] [fetchRawRows] Requesting certificate sheet. Input: "", Default env: ""
[7/14/2026, 1:35:05 AM] [fetchRawRows] Requesting certificate sheet. Input: "", Default env: ""
[7/14/2026, 1:40:15 AM] [fetchRawRows] Requesting certificate sheet. Input: "", Default env: ""
[7/14/2026, 1:43:15 AM] [fetchRawRows] Requesting certificate sheet. Input: "", Default env: ""
[7/14/2026, 1:43:50 AM] [fetchRawRows] Requesting certificate sheet. Input: "", Default env: ""
[7/14/2026, 1:45:08 AM] [fetchRawRows] Requesting certificate sheet. Input: "https://docs.google.com/spreadsheets/d/1_T1FNjR07-t03vgo138ZI-QJCEu9vbsqbOZQkkf_tYA/edit?pli=1&gid=1843964171#gid=1843964171", Default env: ""
[7/14/2026, 1:45:09 AM] [fetchRawRows] Extracted sheet ID: "1_T1FNjR07-t03vgo138ZI-QJCEu9vbsqbOZQkkf_tYA"
[7/14/2026, 1:45:41 AM] [fetchRawRows] Requesting certificate sheet. Input: "", Default env: ""
[7/14/2026, 1:46:50 AM] [fetchRawRows] Requesting employee sheet. Input: "https://docs.google.com/spreadsheets/d/1wyfsP44k3hM3PWMqxeKsaTt7TwuwM4VkPuuauTI9gto/edit?gid=1508099045#gid=1508099045", Default env: ""
[7/14/2026, 1:46:50 AM] [fetchRawRows] Extracted sheet ID: "1wyfsP44k3hM3PWMqxeKsaTt7TwuwM4VkPuuauTI9gto"
[7/14/2026, 1:46:52 AM] [fetchRawRows] [CERTIFICATE] Loaded sheet. SheetID=1wyfsP44... Mode=PUBLIC, Rows=15
[7/14/2026, 1:46:52 AM] [API/employee] Returning 17 headers and 14 rows
[7/14/2026, 1:46:52 AM] [fetchRawRows] Requesting employee sheet. Input: "https://docs.google.com/spreadsheets/d/1wyfsP44k3hM3PWMqxeKsaTt7TwuwM4VkPuuauTI9gto/edit?gid=1508099045#gid=1508099045", Default env: ""
[7/14/2026, 1:46:52 AM] [fetchRawRows] Extracted sheet ID: "1wyfsP44k3hM3PWMqxeKsaTt7TwuwM4VkPuuauTI9gto"
[7/14/2026, 1:46:53 AM] [fetchRawRows] [CERTIFICATE] Loaded sheet. SheetID=1wyfsP44... Mode=PUBLIC, Rows=15
[7/14/2026, 1:46:53 AM] [API/employee] Returning 17 headers and 14 rows
[7/14/2026, 1:53:51 AM] [fetchRawRows] Requesting employee sheet. Input: "https://docs.google.com/spreadsheets/d/1wyfsP44k3hM3PWMqxeKsaTt7TwuwM4VkPuuauTI9gto/edit?gid=1508099045#gid=1508099045", Default env: ""
[7/14/2026, 1:53:51 AM] [fetchRawRows] Extracted sheet ID: "1wyfsP44k3hM3PWMqxeKsaTt7TwuwM4VkPuuauTI9gto"
[7/14/2026, 1:53:53 AM] [fetchRawRows] [CERTIFICATE] Loaded sheet. SheetID=1wyfsP44... Mode=PUBLIC, Rows=15
[7/14/2026, 1:53:53 AM] [API/employee] Returning 17 headers and 14 rows
[7/14/2026, 1:53:56 AM] [fetchRawRows] Requesting certificate sheet. Input: "", Default env: ""
[7/14/2026, 1:53:57 AM] [fetchRawRows] Requesting certificate sheet. Input: "", Default env: ""
[7/14/2026, 1:54:02 AM] [fetchRawRows] Requesting employee sheet. Input: "https://docs.google.com/spreadsheets/d/1wyfsP44k3hM3PWMqxeKsaTt7TwuwM4VkPuuauTI9gto/edit?gid=1508099045#gid=1508099045", Default env: ""
[7/14/2026, 1:54:02 AM] [fetchRawRows] Extracted sheet ID: "1wyfsP44k3hM3PWMqxeKsaTt7TwuwM4VkPuuauTI9gto"
[7/14/2026, 1:54:04 AM] [fetchRawRows] [CERTIFICATE] Loaded sheet. SheetID=1wyfsP44... Mode=PUBLIC, Rows=15
[7/14/2026, 1:54:04 AM] [API/employee] Returning 17 headers and 14 rows
[7/14/2026, 1:54:04 AM] [fetchRawRows] Requesting employee sheet. Input: "https://docs.google.com/spreadsheets/d/1wyfsP44k3hM3PWMqxeKsaTt7TwuwM4VkPuuauTI9gto/edit?gid=1508099045#gid=1508099045", Default env: ""
[7/14/2026, 1:54:04 AM] [fetchRawRows] Extracted sheet ID: "1wyfsP44k3hM3PWMqxeKsaTt7TwuwM4VkPuuauTI9gto"
[7/14/2026, 1:54:05 AM] [fetchRawRows] [CERTIFICATE] Loaded sheet. SheetID=1wyfsP44... Mode=PUBLIC, Rows=15
[7/14/2026, 1:54:05 AM] [API/employee] Returning 17 headers and 14 rows
[7/14/2026, 2:23:37 AM] [fetchRawRows] Requesting employee sheet. Input: "https://docs.google.com/spreadsheets/d/1wyfsP44k3hM3PWMqxeKsaTt7TwuwM4VkPuuauTI9gto/edit?gid=1508099045#gid=1508099045", Default env: "1wyfsP44k3hM3PWMqxeKsaTt7TwuwM4VkPuuauTI9gto"
[7/14/2026, 2:23:37 AM] [fetchRawRows] Extracted sheet ID: "1wyfsP44k3hM3PWMqxeKsaTt7TwuwM4VkPuuauTI9gto"
[7/14/2026, 2:23:38 AM] [fetchRawRows] Requesting certificate sheet. Input: "", Default env: "1_T1FNjR07-t03vgo138ZI-QJCEu9vbsqbOZQkkf_tYA"
[7/14/2026, 2:23:38 AM] [fetchRawRows] Extracted sheet ID: "1_T1FNjR07-t03vgo138ZI-QJCEu9vbsqbOZQkkf_tYA"
[7/14/2026, 2:23:39 AM] [fetchRawRows] Requesting certificate sheet. Input: "", Default env: "1_T1FNjR07-t03vgo138ZI-QJCEu9vbsqbOZQkkf_tYA"
[7/14/2026, 2:23:39 AM] [fetchRawRows] Extracted sheet ID: "1_T1FNjR07-t03vgo138ZI-QJCEu9vbsqbOZQkkf_tYA"
[7/14/2026, 2:23:39 AM] [fetchRawRows] [CERTIFICATE] Loaded sheet. SheetID=1wyfsP44... Mode=PUBLIC, Rows=15
[7/14/2026, 2:23:39 AM] [API/employee] Returning 17 headers and 14 rows
[7/14/2026, 2:23:39 AM] [fetchRawRows] Requesting employee sheet. Input: "https://docs.google.com/spreadsheets/d/1wyfsP44k3hM3PWMqxeKsaTt7TwuwM4VkPuuauTI9gto/edit?gid=1508099045#gid=1508099045", Default env: "1wyfsP44k3hM3PWMqxeKsaTt7TwuwM4VkPuuauTI9gto"
[7/14/2026, 2:23:39 AM] [fetchRawRows] Extracted sheet ID: "1wyfsP44k3hM3PWMqxeKsaTt7TwuwM4VkPuuauTI9gto"
[7/14/2026, 2:23:40 AM] [fetchRawRows] [CERTIFICATE] Loaded sheet. SheetID=1wyfsP44... Mode=PUBLIC, Rows=15
[7/14/2026, 2:23:40 AM] [API/employee] Returning 17 headers and 14 rows
[7/14/2026, 2:25:40 AM] [fetchRawRows] Requesting certificate sheet. Input: "", Default env: "1_T1FNjR07-t03vgo138ZI-QJCEu9vbsqbOZQkkf_tYA"
[7/14/2026, 2:25:40 AM] [fetchRawRows] Extracted sheet ID: "1_T1FNjR07-t03vgo138ZI-QJCEu9vbsqbOZQkkf_tYA"
[7/14/2026, 2:29:26 AM] [fetchRawRows] Requesting certificate sheet. Input: "", Default env: "1_T1FNjR07-t03vgo138ZI-QJCEu9vbsqbOZQkkf_tYA"
[7/14/2026, 2:29:26 AM] [fetchRawRows] Extracted sheet ID: "1_T1FNjR07-t03vgo138ZI-QJCEu9vbsqbOZQkkf_tYA"
[7/14/2026, 2:31:03 AM] [fetchRawRows] Requesting certificate sheet. Input: "", Default env: "1_T1FNjR07-t03vgo138ZI-QJCEu9vbsqbOZQkkf_tYA"
[7/14/2026, 2:31:03 AM] [fetchRawRows] Extracted sheet ID: "1_T1FNjR07-t03vgo138ZI-QJCEu9vbsqbOZQkkf_tYA"
[7/14/2026, 2:34:02 AM] [fetchRawRows] Requesting certificate sheet. Input: "", Default env: "1_T1FNjR07-t03vgo138ZI-QJCEu9vbsqbOZQkkf_tYA"
[7/14/2026, 2:34:02 AM] [fetchRawRows] Extracted sheet ID: "1_T1FNjR07-t03vgo138ZI-QJCEu9vbsqbOZQkkf_tYA"
[7/14/2026, 2:34:56 AM] [fetchRawRows] Requesting certificate sheet. Input: "", Default env: "1_T1FNjR07-t03vgo138ZI-QJCEu9vbsqbOZQkkf_tYA"
[7/14/2026, 2:34:56 AM] [fetchRawRows] Extracted sheet ID: "1_T1FNjR07-t03vgo138ZI-QJCEu9vbsqbOZQkkf_tYA"
[7/15/2026, 1:44:21 AM] [fetchRawRows] Requesting certificate sheet. Input: "", Default env: ""
[7/15/2026, 1:52:07 AM] [fetchRawRows] Requesting certificate sheet. Input: "", Default env: ""
[7/15/2026, 1:52:07 AM] [fetchRawRows] Requesting certificate sheet. Input: "", Default env: ""
[7/15/2026, 1:52:11 AM] [fetchRawRows] Requesting certificate sheet. Input: "https://docs.google.com/spreadsheets/d/1_T1FNjR07-t03vgo138ZI-QJCEu9vbsqbOZQkkf_tYA/edit?gid=1843964171#gid=1843964171", Default env: ""
[7/15/2026, 1:52:11 AM] [fetchRawRows] Extracted sheet ID: "1_T1FNjR07-t03vgo138ZI-QJCEu9vbsqbOZQkkf_tYA"
[7/15/2026, 1:52:12 AM] [fetchRawRows] [CERTIFICATE] Loaded sheet. SheetID=1_T1FNjR... Mode=PUBLIC, Rows=5
[7/15/2026, 1:52:12 AM] [API/certificate] Returning 14 headers and 4 rows
[7/15/2026, 2:03:01 AM] [fetchRawRows] Requesting certificate sheet. Input: "https://docs.google.com/spreadsheets/d/1_T1FNjR07-t03vgo138ZI-QJCEu9vbsqbOZQkkf_tYA/edit?gid=1843964171#gid=1843964171", Default env: "1_T1FNjR07-t03vgo138ZI-QJCEu9vbsqbOZQkkf_tYA"
[7/15/2026, 2:03:01 AM] [fetchRawRows] Extracted sheet ID: "1_T1FNjR07-t03vgo138ZI-QJCEu9vbsqbOZQkkf_tYA"
[7/15/2026, 2:03:05 AM] [fetchRawRows] [CERTIFICATE] Loaded sheet. SheetID=1_T1FNjR... Mode=PUBLIC, Rows=5
[7/15/2026, 2:03:05 AM] [API/certificate] Returning 14 headers and 4 rows
[7/15/2026, 2:03:05 AM] [fetchRawRows] Requesting certificate sheet. Input: "https://docs.google.com/spreadsheets/d/1_T1FNjR07-t03vgo138ZI-QJCEu9vbsqbOZQkkf_tYA/edit?gid=1843964171#gid=1843964171", Default env: "1_T1FNjR07-t03vgo138ZI-QJCEu9vbsqbOZQkkf_tYA"
[7/15/2026, 2:03:05 AM] [fetchRawRows] Extracted sheet ID: "1_T1FNjR07-t03vgo138ZI-QJCEu9vbsqbOZQkkf_tYA"
[7/15/2026, 2:03:05 AM] [fetchRawRows] Cache hit for certificate sheet (mode: PUBLIC). Returning 5 rows.
[7/15/2026, 2:03:05 AM] [API/certificate] Returning 14 headers and 4 rows
[7/15/2026, 2:03:09 AM] [fetchRawRows] Requesting certificate sheet. Input: "https://docs.google.com/spreadsheets/d/1_T1FNjR07-t03vgo138ZI-QJCEu9vbsqbOZQkkf_tYA/edit?gid=1843964171#gid=1843964171", Default env: "1_T1FNjR07-t03vgo138ZI-QJCEu9vbsqbOZQkkf_tYA"
[7/15/2026, 2:03:09 AM] [fetchRawRows] Extracted sheet ID: "1_T1FNjR07-t03vgo138ZI-QJCEu9vbsqbOZQkkf_tYA"
[7/15/2026, 2:03:09 AM] [fetchRawRows] Cache hit for certificate sheet (mode: PUBLIC). Returning 5 rows.
[7/15/2026, 2:03:09 AM] [API/certificate] Returning 14 headers and 4 rows
[7/15/2026, 2:03:09 AM] [fetchRawRows] Requesting certificate sheet. Input: "https://docs.google.com/spreadsheets/d/1_T1FNjR07-t03vgo138ZI-QJCEu9vbsqbOZQkkf_tYA/edit?gid=1843964171#gid=1843964171", Default env: "1_T1FNjR07-t03vgo138ZI-QJCEu9vbsqbOZQkkf_tYA"
[7/15/2026, 2:03:09 AM] [fetchRawRows] Extracted sheet ID: "1_T1FNjR07-t03vgo138ZI-QJCEu9vbsqbOZQkkf_tYA"
[7/15/2026, 2:03:09 AM] [fetchRawRows] Cache hit for certificate sheet (mode: PUBLIC). Returning 5 rows.
[7/15/2026, 2:03:09 AM] [API/certificate] Returning 14 headers and 4 rows
[7/15/2026, 2:12:06 AM] [fetchRawRows] Requesting certificate sheet. Input: "https://docs.google.com/spreadsheets/d/1_T1FNjR07-t03vgo138ZI-QJCEu9vbsqbOZQkkf_tYA/edit?gid=1843964171#gid=1843964171", Default env: "1_T1FNjR07-t03vgo138ZI-QJCEu9vbsqbOZQkkf_tYA"
[7/15/2026, 2:12:06 AM] [fetchRawRows] Extracted sheet ID: "1_T1FNjR07-t03vgo138ZI-QJCEu9vbsqbOZQkkf_tYA"
[7/15/2026, 2:12:08 AM] [fetchRawRows] [CERTIFICATE] Loaded sheet. SheetID=1_T1FNjR... Mode=PUBLIC, Rows=5
[7/15/2026, 2:12:08 AM] [API/certificate] Returning 14 headers and 4 rows
[7/15/2026, 2:14:59 AM] [fetchRawRows] Requesting certificate sheet. Input: "https://docs.google.com/spreadsheets/d/1_T1FNjR07-t03vgo138ZI-QJCEu9vbsqbOZQkkf_tYA/edit?gid=1843964171#gid=1843964171", Default env: "1_T1FNjR07-t03vgo138ZI-QJCEu9vbsqbOZQkkf_tYA"
[7/15/2026, 2:14:59 AM] [fetchRawRows] Extracted sheet ID: "1_T1FNjR07-t03vgo138ZI-QJCEu9vbsqbOZQkkf_tYA"
[7/15/2026, 2:15:01 AM] [fetchRawRows] [CERTIFICATE] Loaded sheet. SheetID=1_T1FNjR... Mode=PUBLIC, Rows=5
[7/15/2026, 2:15:01 AM] [API/certificate] Returning 14 headers and 4 rows
